{"/home/sikongjueluo/Projects/pi-extensions/packages/pi-permission-ai-judge/src/audit.ts": {"path": "/home/sikongjueluo/Projects/pi-extensions/packages/pi-permission-ai-judge/src/audit.ts", "statementMap": {"0": {"start": {"line": 44, "column": 27}, "end": {"line": 44, "column": null}}, "1": {"start": {"line": 45, "column": 23}, "end": {"line": 45, "column": null}}, "2": {"start": {"line": 48, "column": 16}, "end": {"line": 48, "column": null}}, "3": {"start": {"line": 48, "column": 29}, "end": {"line": 48, "column": null}}, "4": {"start": {"line": 49, "column": 16}, "end": {"line": 49, "column": null}}, "5": {"start": {"line": 50, "column": 17}, "end": {"line": 50, "column": null}}, "6": {"start": {"line": 51, "column": 18}, "end": {"line": 51, "column": null}}, "7": {"start": {"line": 53, "column": 4}, "end": {"line": 57, "column": null}}, "8": {"start": {"line": 54, "column": 8}, "end": {"line": 54, "column": null}}, "9": {"start": {"line": 56, "column": 8}, "end": {"line": 56, "column": null}}, "10": {"start": {"line": 59, "column": 4}, "end": {"line": 90, "column": null}}, "11": {"start": {"line": 61, "column": 12}, "end": {"line": 64, "column": null}}, "12": {"start": {"line": 63, "column": 16}, "end": {"line": 63, "column": null}}, "13": {"start": {"line": 65, "column": 27}, "end": {"line": 70, "column": null}}, "14": {"start": {"line": 72, "column": 12}, "end": {"line": 86, "column": null}}, "15": {"start": {"line": 73, "column": 16}, "end": {"line": 73, "column": null}}, "16": {"start": {"line": 74, "column": 16}, "end": {"line": 74, "column": null}}, "17": {"start": {"line": 75, "column": 16}, "end": {"line": 75, "column": null}}, "18": {"start": {"line": 77, "column": 16}, "end": {"line": 77, "column": null}}, "19": {"start": {"line": 79, "column": 16}, "end": {"line": 85, "column": null}}, "20": {"start": {"line": 80, "column": 20}, "end": {"line": 84, "column": null}}, "21": {"start": {"line": 81, "column": 24}, "end": {"line": 81, "column": null}}, "22": {"start": {"line": 88, "column": 23}, "end": {"line": 88, "column": null}}, "23": {"start": {"line": 89, "column": 20}, "end": {"line": 89, "column": null}}}, "fnMap": {"0": {"name": "createAuditLog", "decl": {"start": {"line": 47, "column": 16}, "end": {"line": 47, "column": 31}}, "loc": {"start": {"line": 47, "column": 61}, "end": {"line": 91, "column": null}}}, "1": {"name": "(anonymous_1)", "decl": {"start": {"line": 48, "column": 29}, "end": {"line": 48, "column": 35}}, "loc": {"start": {"line": 48, "column": 29}, "end": {"line": 48, "column": null}}}, "2": {"name": "(anonymous_2)", "decl": {"start": {"line": 60, "column": 15}, "end": {"line": 60, "column": 16}}, "loc": {"start": {"line": 60, "column": 35}, "end": {"line": 87, "column": null}}}, "3": {"name": "(anonymous_3)", "decl": {"start": {"line": 88, "column": 17}, "end": {"line": 88, "column": 23}}, "loc": {"start": {"line": 88, "column": 23}, "end": {"line": 88, "column": null}}}, "4": {"name": "(anonymous_4)", "decl": {"start": {"line": 89, "column": 14}, "end": {"line": 89, "column": 20}}, "loc": {"start": {"line": 89, "column": 20}, "end": {"line": 89, "column": null}}}}, "branchMap": {"0": {"loc": {"start": {"line": 48, "column": 16}, "end": {"line": 48, "column": null}}, "type": "binary-expr", "locations": [{"start": {"line": 48, "column": 16}, "end": {"line": 48, "column": 29}}, {"start": {"line": 48, "column": 29}, "end": {"line": 48, "column": null}}]}, "1": {"loc": {"start": {"line": 61, "column": 12}, "end": {"line": 64, "column": null}}, "type": "if", "locations": [{"start": {"line": 61, "column": 12}, "end": {"line": 64, "column": null}}, {"start": {}, "end": {}}]}, "2": {"loc": {"start": {"line": 79, "column": 16}, "end": {"line": 85, "column": null}}, "type": "if", "locations": [{"start": {"line": 79, "column": 16}, "end": {"line": 85, "column": null}}, {"start": {}, "end": {}}]}}, "s": {"0": 2, "1": 2, "2": 24, "3": 45, "4": 24, "5": 24, "6": 24, "7": 24, "8": 24, "9": 1, "10": 24, "11": 49, "12": 2, "13": 47, "14": 47, "15": 47, "16": 46, "17": 46, "18": 1, "19": 47, "20": 46, "21": 46, "22": 21, "23": 0}, "f": {"0": 24, "1": 45, "2": 49, "3": 21, "4": 0}, "b": {"0": [24, 23], "1": [2, 47], "2": [46, 1]}}, "/home/sikongjueluo/Projects/pi-extensions/packages/pi-permission-ai-judge/src/catalog.ts": {"path": "/home/sikongjueluo/Projects/pi-extensions/packages/pi-permission-ai-judge/src/catalog.ts", "statementMap": {"0": {"start": {"line": 71, "column": 34}, "end": {"line": 71, "column": null}}, "1": {"start": {"line": 73, "column": 42}, "end": {"line": 76, "column": null}}, "2": {"start": {"line": 78, "column": 21}, "end": {"line": 78, "column": null}}, "3": {"start": {"line": 81, "column": 4}, "end": {"line": 81, "column": null}}, "4": {"start": {"line": 85, "column": 4}, "end": {"line": 87, "column": null}}, "5": {"start": {"line": 86, "column": 8}, "end": {"line": 86, "column": null}}, "6": {"start": {"line": 88, "column": 19}, "end": {"line": 88, "column": null}}, "7": {"start": {"line": 89, "column": 4}, "end": {"line": 93, "column": null}}, "8": {"start": {"line": 91, "column": 12}, "end": {"line": 92, "column": null}}, "9": {"start": {"line": 97, "column": 4}, "end": {"line": 99, "column": null}}, "10": {"start": {"line": 98, "column": 8}, "end": {"line": 98, "column": null}}, "11": {"start": {"line": 100, "column": 19}, "end": {"line": 100, "column": null}}, "12": {"start": {"line": 101, "column": 20}, "end": {"line": 101, "column": null}}, "13": {"start": {"line": 103, "column": 8}, "end": {"line": 121, "column": null}}, "14": {"start": {"line": 122, "column": 4}, "end": {"line": 124, "column": null}}, "15": {"start": {"line": 123, "column": 8}, "end": {"line": 123, "column": null}}, "16": {"start": {"line": 125, "column": 37}, "end": {"line": 141, "column": null}}, "17": {"start": {"line": 142, "column": 4}, "end": {"line": 142, "column": null}}, "18": {"start": {"line": 150, "column": 17}, "end": {"line": 150, "column": null}}, "19": {"start": {"line": 150, "column": 50}, "end": {"line": 150, "column": null}}, "20": {"start": {"line": 152, "column": 4}, "end": {"line": 166, "column": null}}, "21": {"start": {"line": 153, "column": 8}, "end": {"line": 153, "column": null}}, "22": {"start": {"line": 155, "column": 8}, "end": {"line": 165, "column": null}}, "23": {"start": {"line": 169, "column": 4}, "end": {"line": 183, "column": null}}, "24": {"start": {"line": 170, "column": 8}, "end": {"line": 170, "column": null}}, "25": {"start": {"line": 172, "column": 8}, "end": {"line": 182, "column": null}}, "26": {"start": {"line": 185, "column": 4}, "end": {"line": 197, "column": null}}, "27": {"start": {"line": 191, "column": 8}, "end": {"line": 196, "column": null}}, "28": {"start": {"line": 198, "column": 19}, "end": {"line": 198, "column": null}}, "29": {"start": {"line": 199, "column": 4}, "end": {"line": 209, "column": null}}, "30": {"start": {"line": 200, "column": 8}, "end": {"line": 208, "column": null}}, "31": {"start": {"line": 211, "column": 45}, "end": {"line": 211, "column": null}}, "32": {"start": {"line": 212, "column": 4}, "end": {"line": 222, "column": null}}, "33": {"start": {"line": 213, "column": 8}, "end": {"line": 221, "column": null}}, "34": {"start": {"line": 223, "column": 41}, "end": {"line": 223, "column": null}}, "35": {"start": {"line": 224, "column": 4}, "end": {"line": 238, "column": null}}, "36": {"start": {"line": 224, "column": 21}, "end": {"line": 224, "column": 24}}, "37": {"start": {"line": 225, "column": 22}, "end": {"line": 225, "column": null}}, "38": {"start": {"line": 226, "column": 8}, "end": {"line": 236, "column": null}}, "39": {"start": {"line": 227, "column": 12}, "end": {"line": 235, "column": null}}, "40": {"start": {"line": 237, "column": 8}, "end": {"line": 237, "column": null}}, "41": {"start": {"line": 239, "column": 4}, "end": {"line": 245, "column": null}}, "42": {"start": {"line": 260, "column": 4}, "end": {"line": 264, "column": null}}, "43": {"start": {"line": 261, "column": 8}, "end": {"line": 263, "column": null}}, "44": {"start": {"line": 262, "column": 12}, "end": {"line": 262, "column": null}}, "45": {"start": {"line": 265, "column": 4}, "end": {"line": 265, "column": null}}, "46": {"start": {"line": 269, "column": 44}, "end": {"line": 271, "column": null}}}, "fnMap": {"0": {"name": "isNonEmptyString", "decl": {"start": {"line": 80, "column": 9}, "end": {"line": 80, "column": 26}}, "loc": {"start": {"line": 80, "column": 59}, "end": {"line": 82, "column": null}}}, "1": {"name": "isLatencySummary", "decl": {"start": {"line": 84, "column": 9}, "end": {"line": 84, "column": 26}}, "loc": {"start": {"line": 84, "column": 74}, "end": {"line": 94, "column": null}}}, "2": {"name": "(anonymous_2)", "decl": {"start": {"line": 90, "column": 8}, "end": {"line": 90, "column": 9}}, "loc": {"start": {"line": 91, "column": 12}, "end": {"line": 92, "column": null}}}, "3": {"name": "parseEntry", "decl": {"start": {"line": 96, "column": 9}, "end": {"line": 96, "column": 20}}, "loc": {"start": {"line": 96, "column": 62}, "end": {"line": 143, "column": null}}}, "4": {"name": "loadModelCatalog", "decl": {"start": {"line": 146, "column": 16}, "end": {"line": 146, "column": 33}}, "loc": {"start": {"line": 149, "column": 2}, "end": {"line": 246, "column": null}}}, "5": {"name": "(anonymous_5)", "decl": {"start": {"line": 150, "column": 35}, "end": {"line": 150, "column": 36}}, "loc": {"start": {"line": 150, "column": 50}, "end": {"line": 150, "column": null}}}, "6": {"name": "classifyModel", "decl": {"start": {"line": 255, "column": 16}, "end": {"line": 255, "column": null}}, "loc": {"start": {"line": 259, "column": 30}, "end": {"line": 266, "column": null}}}}, "branchMap": {"0": {"loc": {"start": {"line": 81, "column": 11}, "end": {"line": 81, "column": null}}, "type": "binary-expr", "locations": [{"start": {"line": 81, "column": 11}, "end": {"line": 81, "column": 40}}, {"start": {"line": 81, "column": 40}, "end": {"line": 81, "column": null}}]}, "1": {"loc": {"start": {"line": 85, "column": 4}, "end": {"line": 87, "column": null}}, "type": "if", "locations": [{"start": {"line": 85, "column": 4}, "end": {"line": 87, "column": null}}, {"start": {}, "end": {}}]}, "2": {"loc": {"start": {"line": 85, "column": 8}, "end": {"line": 85, "column": 77}}, "type": "binary-expr", "locations": [{"start": {"line": 85, "column": 8}, "end": {"line": 85, "column": 37}}, {"start": {"line": 85, "column": 37}, "end": {"line": 85, "column": 55}}, {"start": {"line": 85, "column": 55}, "end": {"line": 85, "column": 77}}]}, "3": {"loc": {"start": {"line": 91, "column": 12}, "end": {"line": 92, "column": null}}, "type": "binary-expr", "locations": [{"start": {"line": 91, "column": 12}, "end": {"line": 91, "column": null}}, {"start": {"line": 92, "column": 13}, "end": {"line": 92, "column": 48}}, {"start": {"line": 92, "column": 48}, "end": {"line": 92, "column": null}}]}, "4": {"loc": {"start": {"line": 97, "column": 4}, "end": {"line": 99, "column": null}}, "type": "if", "locations": [{"start": {"line": 97, "column": 4}, "end": {"line": 99, "column": null}}, {"start": {}, "end": {}}]}, "5": {"loc": {"start": {"line": 97, "column": 8}, "end": {"line": 97, "column": 77}}, "type": "binary-expr", "locations": [{"start": {"line": 97, "column": 8}, "end": {"line": 97, "column": 37}}, {"start": {"line": 97, "column": 37}, "end": {"line": 97, "column": 55}}, {"start": {"line": 97, "column": 55}, "end": {"line": 97, "column": 77}}]}, "6": {"loc": {"start": {"line": 103, "column": 8}, "end": {"line": 121, "column": null}}, "type": "binary-expr", "locations": [{"start": {"line": 103, "column": 8}, "end": {"line": 103, "column": null}}, {"start": {"line": 104, "column": 8}, "end": {"line": 104, "column": null}}, {"start": {"line": 105, "column": 8}, "end": {"line": 105, "column": null}}, {"start": {"line": 106, "column": 9}, "end": {"line": 106, "column": null}}, {"start": {"line": 107, "column": 12}, "end": {"line": 107, "column": null}}, {"start": {"line": 108, "column": 12}, "end": {"line": 108, "column": null}}, {"start": {"line": 109, "column": 8}, "end": {"line": 109, "column": null}}, {"start": {"line": 110, "column": 8}, "end": {"line": 110, "column": null}}, {"start": {"line": 111, "column": 8}, "end": {"line": 111, "column": null}}, {"start": {"line": 112, "column": 8}, "end": {"line": 112, "column": null}}, {"start": {"line": 113, "column": 8}, "end": {"line": 113, "column": null}}, {"start": {"line": 114, "column": 8}, "end": {"line": 114, "column": null}}, {"start": {"line": 115, "column": 8}, "end": {"line": 115, "column": null}}, {"start": {"line": 116, "column": 8}, "end": {"line": 116, "column": null}}, {"start": {"line": 117, "column": 8}, "end": {"line": 117, "column": null}}, {"start": {"line": 118, "column": 8}, "end": {"line": 118, "column": null}}, {"start": {"line": 119, "column": 8}, "end": {"line": 119, "column": null}}, {"start": {"line": 120, "column": 8}, "end": {"line": 120, "column": null}}, {"start": {"line": 121, "column": 9}, "end": {"line": 121, "column": 39}}, {"start": {"line": 121, "column": 39}, "end": {"line": 121, "column": null}}]}, "7": {"loc": {"start": {"line": 122, "column": 4}, "end": {"line": 124, "column": null}}, "type": "if", "locations": [{"start": {"line": 122, "column": 4}, "end": {"line": 124, "column": null}}, {"start": {}, "end": {}}]}, "8": {"loc": {"start": {"line": 138, "column": 12}, "end": {"line": 140, "column": null}}, "type": "cond-expr", "locations": [{"start": {"line": 139, "column": 14}, "end": {"line": 139, "column": null}}, {"start": {"line": 140, "column": 14}, "end": {"line": 140, "column": null}}]}, "9": {"loc": {"start": {"line": 150, "column": 17}, "end": {"line": 150, "column": null}}, "type": "binary-expr", "locations": [{"start": {"line": 150, "column": 17}, "end": {"line": 150, "column": 35}}, {"start": {"line": 150, "column": 35}, "end": {"line": 150, "column": null}}]}, "10": {"loc": {"start": {"line": 161, "column": 24}, "end": {"line": 161, "column": null}}, "type": "cond-expr", "locations": [{"start": {"line": 161, "column": 49}, "end": {"line": 161, "column": 65}}, {"start": {"line": 161, "column": 65}, "end": {"line": 161, "column": null}}]}, "11": {"loc": {"start": {"line": 178, "column": 24}, "end": {"line": 178, "column": null}}, "type": "cond-expr", "locations": [{"start": {"line": 178, "column": 49}, "end": {"line": 178, "column": 65}}, {"start": {"line": 178, "column": 65}, "end": {"line": 178, "column": null}}]}, "12": {"loc": {"start": {"line": 185, "column": 4}, "end": {"line": 197, "column": null}}, "type": "if", "locations": [{"start": {"line": 185, "column": 4}, "end": {"line": 197, "column": null}}, {"start": {}, "end": {}}]}, "13": {"loc": {"start": {"line": 186, "column": 8}, "end": {"line": 189, "column": null}}, "type": "binary-expr", "locations": [{"start": {"line": 186, "column": 8}, "end": {"line": 186, "column": null}}, {"start": {"line": 187, "column": 8}, "end": {"line": 187, "column": null}}, {"start": {"line": 188, "column": 8}, "end": {"line": 188, "column": null}}, {"start": {"line": 189, "column": 8}, "end": {"line": 189, "column": null}}]}, "14": {"loc": {"start": {"line": 199, "column": 4}, "end": {"line": 209, "column": null}}, "type": "if", "locations": [{"start": {"line": 199, "column": 4}, "end": {"line": 209, "column": null}}, {"start": {}, "end": {}}]}, "15": {"loc": {"start": {"line": 212, "column": 4}, "end": {"line": 222, "column": null}}, "type": "if", "locations": [{"start": {"line": 212, "column": 4}, "end": {"line": 222, "column": null}}, {"start": {}, "end": {}}]}, "16": {"loc": {"start": {"line": 226, "column": 8}, "end": {"line": 236, "column": null}}, "type": "if", "locations": [{"start": {"line": 226, "column": 8}, "end": {"line": 236, "column": null}}, {"start": {}, "end": {}}]}, "17": {"loc": {"start": {"line": 261, "column": 8}, "end": {"line": 263, "column": null}}, "type": "if", "locations": [{"start": {"line": 261, "column": 8}, "end": {"line": 263, "column": null}}, {"start": {}, "end": {}}]}, "18": {"loc": {"start": {"line": 261, "column": 12}, "end": {"line": 261, "column": 66}}, "type": "binary-expr", "locations": [{"start": {"line": 261, "column": 12}, "end": {"line": 261, "column": 43}}, {"start": {"line": 261, "column": 43}, "end": {"line": 261, "column": 66}}]}}, "s": {"0": 2, "1": 2, "2": 2, "3": 126, "4": 11, "5": 1, "6": 10, "7": 10, "8": 28, "9": 26, "10": 3, "11": 23, "12": 23, "13": 23, "14": 23, "15": 17, "16": 6, "17": 6, "18": 28, "19": 0, "20": 28, "21": 28, "22": 2, "23": 26, "24": 26, "25": 1, "26": 25, "27": 0, "28": 25, "29": 25, "30": 1, "31": 24, "32": 24, "33": 0, "34": 24, "35": 24, "36": 24, "37": 26, "38": 26, "39": 20, "40": 6, "41": 4, "42": 16, "43": 15, "44": 6, "45": 10, "46": 2}, "f": {"0": 126, "1": 11, "2": 28, "3": 26, "4": 28, "5": 0, "6": 16}, "b": {"0": [126, 125], "1": [1, 10], "2": [11, 10, 10], "3": [28, 24, 22], "4": [3, 23], "5": [26, 25, 24], "6": [23, 22, 20, 19, 3, 2, 18, 17, 16, 15, 15, 14, 13, 13, 12, 12, 11, 8, 7, 2], "7": [17, 6], "8": [5, 1], "9": [28, 0], "10": [2, 0], "11": [1, 0], "12": [0, 25], "13": [25, 25, 25, 25], "14": [1, 24], "15": [0, 24], "16": [20, 6], "17": [6, 9], "18": [15, 8]}}, "/home/sikongjueluo/Projects/pi-extensions/packages/pi-permission-ai-judge/src/config.ts": {"path": "/home/sikongjueluo/Projects/pi-extensions/packages/pi-permission-ai-judge/src/config.ts", "statementMap": {"0": {"start": {"line": 60, "column": 24}, "end": {"line": 60, "column": null}}, "1": {"start": {"line": 61, "column": 45}, "end": {"line": 68, "column": null}}, "2": {"start": {"line": 71, "column": 4}, "end": {"line": 74, "column": null}}, "3": {"start": {"line": 78, "column": 4}, "end": {"line": 78, "column": null}}, "4": {"start": {"line": 82, "column": 4}, "end": {"line": 84, "column": null}}, "5": {"start": {"line": 83, "column": 8}, "end": {"line": 83, "column": null}}, "6": {"start": {"line": 85, "column": 19}, "end": {"line": 85, "column": null}}, "7": {"start": {"line": 86, "column": 4}, "end": {"line": 88, "column": null}}, "8": {"start": {"line": 87, "column": 8}, "end": {"line": 87, "column": null}}, "9": {"start": {"line": 89, "column": 4}, "end": {"line": 92, "column": null}}, "10": {"start": {"line": 101, "column": 4}, "end": {"line": 103, "column": null}}, "11": {"start": {"line": 102, "column": 8}, "end": {"line": 102, "column": null}}, "12": {"start": {"line": 104, "column": 4}, "end": {"line": 106, "column": null}}, "13": {"start": {"line": 105, "column": 8}, "end": {"line": 105, "column": null}}, "14": {"start": {"line": 107, "column": 4}, "end": {"line": 109, "column": null}}, "15": {"start": {"line": 116, "column": 44}, "end": {"line": 116, "column": null}}, "16": {"start": {"line": 117, "column": 26}, "end": {"line": 117, "column": null}}, "17": {"start": {"line": 118, "column": 4}, "end": {"line": 128, "column": null}}, "18": {"start": {"line": 119, "column": 8}, "end": {"line": 127, "column": null}}, "19": {"start": {"line": 120, "column": 12}, "end": {"line": 120, "column": null}}, "20": {"start": {"line": 122, "column": 12}, "end": {"line": 126, "column": null}}, "21": {"start": {"line": 129, "column": 4}, "end": {"line": 129, "column": null}}, "22": {"start": {"line": 145, "column": 4}, "end": {"line": 147, "column": null}}, "23": {"start": {"line": 146, "column": 8}, "end": {"line": 146, "column": null}}, "24": {"start": {"line": 148, "column": 4}, "end": {"line": 164, "column": null}}, "25": {"start": {"line": 149, "column": 27}, "end": {"line": 149, "column": null}}, "26": {"start": {"line": 150, "column": 8}, "end": {"line": 162, "column": null}}, "27": {"start": {"line": 151, "column": 12}, "end": {"line": 161, "column": null}}, "28": {"start": {"line": 163, "column": 8}, "end": {"line": 163, "column": null}}, "29": {"start": {"line": 165, "column": 4}, "end": {"line": 175, "column": null}}, "30": {"start": {"line": 188, "column": 4}, "end": {"line": 194, "column": null}}, "31": {"start": {"line": 189, "column": 8}, "end": {"line": 193, "column": null}}, "32": {"start": {"line": 195, "column": 18}, "end": {"line": 195, "column": null}}, "33": {"start": {"line": 196, "column": 4}, "end": {"line": 207, "column": null}}, "34": {"start": {"line": 202, "column": 8}, "end": {"line": 206, "column": null}}, "35": {"start": {"line": 208, "column": 4}, "end": {"line": 218, "column": null}}, "36": {"start": {"line": 230, "column": 17}, "end": {"line": 230, "column": null}}, "37": {"start": {"line": 230, "column": 50}, "end": {"line": 230, "column": null}}, "38": {"start": {"line": 231, "column": 17}, "end": {"line": 231, "column": null}}, "39": {"start": {"line": 233, "column": 4}, "end": {"line": 239, "column": null}}, "40": {"start": {"line": 234, "column": 8}, "end": {"line": 234, "column": null}}, "41": {"start": {"line": 236, "column": 8}, "end": {"line": 238, "column": null}}, "42": {"start": {"line": 242, "column": 4}, "end": {"line": 248, "column": null}}, "43": {"start": {"line": 243, "column": 8}, "end": {"line": 243, "column": null}}, "44": {"start": {"line": 245, "column": 8}, "end": {"line": 247, "column": null}}, "45": {"start": {"line": 250, "column": 4}, "end": {"line": 252, "column": null}}, "46": {"start": {"line": 251, "column": 8}, "end": {"line": 251, "column": null}}, "47": {"start": {"line": 254, "column": 19}, "end": {"line": 254, "column": null}}, "48": {"start": {"line": 255, "column": 44}, "end": {"line": 255, "column": null}}, "49": {"start": {"line": 257, "column": 26}, "end": {"line": 257, "column": null}}, "50": {"start": {"line": 258, "column": 4}, "end": {"line": 265, "column": null}}, "51": {"start": {"line": 259, "column": 8}, "end": {"line": 264, "column": null}}, "52": {"start": {"line": 266, "column": 26}, "end": {"line": 266, "column": null}}, "53": {"start": {"line": 268, "column": 23}, "end": {"line": 268, "column": null}}, "54": {"start": {"line": 269, "column": 4}, "end": {"line": 269, "column": null}}, "55": {"start": {"line": 270, "column": 15}, "end": {"line": 270, "column": null}}, "56": {"start": {"line": 273, "column": 4}, "end": {"line": 281, "column": null}}, "57": {"start": {"line": 274, "column": 8}, "end": {"line": 274, "column": null}}, "58": {"start": {"line": 275, "column": 8}, "end": {"line": 280, "column": null}}, "59": {"start": {"line": 283, "column": 24}, "end": {"line": 283, "column": null}}, "60": {"start": {"line": 284, "column": 4}, "end": {"line": 284, "column": null}}, "61": {"start": {"line": 285, "column": 4}, "end": {"line": 287, "column": null}}, "62": {"start": {"line": 286, "column": 8}, "end": {"line": 286, "column": null}}, "63": {"start": {"line": 289, "column": 26}, "end": {"line": 289, "column": null}}, "64": {"start": {"line": 290, "column": 4}, "end": {"line": 290, "column": null}}, "65": {"start": {"line": 292, "column": 4}, "end": {"line": 299, "column": null}}}, "fnMap": {"0": {"name": "fileDefaults", "decl": {"start": {"line": 70, "column": 9}, "end": {"line": 70, "column": 22}}, "loc": {"start": {"line": 70, "column": 61}, "end": {"line": 75, "column": null}}}, "1": {"name": "isNonEmptyString", "decl": {"start": {"line": 77, "column": 9}, "end": {"line": 77, "column": 26}}, "loc": {"start": {"line": 77, "column": 59}, "end": {"line": 79, "column": null}}}, "2": {"name": "parseJudgeModel", "decl": {"start": {"line": 81, "column": 9}, "end": {"line": 81, "column": 25}}, "loc": {"start": {"line": 81, "column": 74}, "end": {"line": 93, "column": null}}}, "3": {"name": "parseConfigVersion", "decl": {"start": {"line": 96, "column": 9}, "end": {"line": 96, "column": null}}, "loc": {"start": {"line": 98, "column": 44}, "end": {"line": 110, "column": null}}}, "4": {"name": "parseMode", "decl": {"start": {"line": 113, "column": 9}, "end": {"line": 113, "column": null}}, "loc": {"start": {"line": 115, "column": 56}, "end": {"line": 130, "column": null}}}, "5": {"name": "parseJudgeModelField", "decl": {"start": {"line": 137, "column": 9}, "end": {"line": 137, "column": null}}, "loc": {"start": {"line": 144, "column": 2}, "end": {"line": 176, "column": null}}}, "6": {"name": "parseTimeout", "decl": {"start": {"line": 183, "column": 9}, "end": {"line": 183, "column": 22}}, "loc": {"start": {"line": 187, "column": 2}, "end": {"line": 219, "column": null}}}, "7": {"name": "loadJudgeConfig", "decl": {"start": {"line": 227, "column": 16}, "end": {"line": 227, "column": null}}, "loc": {"start": {"line": 229, "column": 24}, "end": {"line": 300, "column": null}}}, "8": {"name": "(anonymous_8)", "decl": {"start": {"line": 230, "column": 35}, "end": {"line": 230, "column": 36}}, "loc": {"start": {"line": 230, "column": 50}, "end": {"line": 230, "column": null}}}}, "branchMap": {"0": {"loc": {"start": {"line": 78, "column": 11}, "end": {"line": 78, "column": null}}, "type": "binary-expr", "locations": [{"start": {"line": 78, "column": 11}, "end": {"line": 78, "column": 40}}, {"start": {"line": 78, "column": 40}, "end": {"line": 78, "column": null}}]}, "1": {"loc": {"start": {"line": 82, "column": 4}, "end": {"line": 84, "column": null}}, "type": "if", "locations": [{"start": {"line": 82, "column": 4}, "end": {"line": 84, "column": null}}, {"start": {}, "end": {}}]}, "2": {"loc": {"start": {"line": 82, "column": 8}, "end": {"line": 82, "column": 77}}, "type": "binary-expr", "locations": [{"start": {"line": 82, "column": 8}, "end": {"line": 82, "column": 37}}, {"start": {"line": 82, "column": 37}, "end": {"line": 82, "column": 55}}, {"start": {"line": 82, "column": 55}, "end": {"line": 82, "column": 77}}]}, "3": {"loc": {"start": {"line": 86, "column": 4}, "end": {"line": 88, "column": null}}, "type": "if", "locations": [{"start": {"line": 86, "column": 4}, "end": {"line": 88, "column": null}}, {"start": {}, "end": {}}]}, "4": {"loc": {"start": {"line": 86, "column": 8}, "end": {"line": 86, "column": 76}}, "type": "binary-expr", "locations": [{"start": {"line": 86, "column": 8}, "end": {"line": 86, "column": 46}}, {"start": {"line": 86, "column": 46}, "end": {"line": 86, "column": 76}}]}, "5": {"loc": {"start": {"line": 101, "column": 4}, "end": {"line": 103, "column": null}}, "type": "if", "locations": [{"start": {"line": 101, "column": 4}, "end": {"line": 103, "column": null}}, {"start": {}, "end": {}}]}, "6": {"loc": {"start": {"line": 104, "column": 4}, "end": {"line": 106, "column": null}}, "type": "if", "locations": [{"start": {"line": 104, "column": 4}, "end": {"line": 106, "column": null}}, {"start": {}, "end": {}}]}, "7": {"loc": {"start": {"line": 104, "column": 8}, "end": {"line": 104, "column": 54}}, "type": "binary-expr", "locations": [{"start": {"line": 104, "column": 8}, "end": {"line": 104, "column": 32}}, {"start": {"line": 104, "column": 32}, "end": {"line": 104, "column": 54}}]}, "8": {"loc": {"start": {"line": 118, "column": 4}, "end": {"line": 128, "column": null}}, "type": "if", "locations": [{"start": {"line": 118, "column": 4}, "end": {"line": 128, "column": null}}, {"start": {}, "end": {}}]}, "9": {"loc": {"start": {"line": 119, "column": 8}, "end": {"line": 127, "column": null}}, "type": "if", "locations": [{"start": {"line": 119, "column": 8}, "end": {"line": 127, "column": null}}, {"start": {"line": 121, "column": 15}, "end": {"line": 127, "column": null}}]}, "10": {"loc": {"start": {"line": 119, "column": 12}, "end": {"line": 119, "column": 67}}, "type": "binary-expr", "locations": [{"start": {"line": 119, "column": 12}, "end": {"line": 119, "column": 40}}, {"start": {"line": 119, "column": 40}, "end": {"line": 119, "column": 67}}]}, "11": {"loc": {"start": {"line": 145, "column": 4}, "end": {"line": 147, "column": null}}, "type": "if", "locations": [{"start": {"line": 145, "column": 4}, "end": {"line": 147, "column": null}}, {"start": {}, "end": {}}]}, "12": {"loc": {"start": {"line": 148, "column": 4}, "end": {"line": 164, "column": null}}, "type": "if", "locations": [{"start": {"line": 148, "column": 4}, "end": {"line": 164, "column": null}}, {"start": {}, "end": {}}]}, "13": {"loc": {"start": {"line": 150, "column": 8}, "end": {"line": 162, "column": null}}, "type": "if", "locations": [{"start": {"line": 150, "column": 8}, "end": {"line": 162, "column": null}}, {"start": {}, "end": {}}]}, "14": {"loc": {"start": {"line": 188, "column": 4}, "end": {"line": 194, "column": null}}, "type": "if", "locations": [{"start": {"line": 188, "column": 4}, "end": {"line": 194, "column": null}}, {"start": {}, "end": {}}]}, "15": {"loc": {"start": {"line": 196, "column": 4}, "end": {"line": 207, "column": null}}, "type": "if", "locations": [{"start": {"line": 196, "column": 4}, "end": {"line": 207, "column": null}}, {"start": {}, "end": {}}]}, "16": {"loc": {"start": {"line": 197, "column": 8}, "end": {"line": 200, "column": null}}, "type": "binary-expr", "locations": [{"start": {"line": 197, "column": 8}, "end": {"line": 197, "column": null}}, {"start": {"line": 198, "column": 8}, "end": {"line": 198, "column": null}}, {"start": {"line": 199, "column": 8}, "end": {"line": 199, "column": null}}, {"start": {"line": 200, "column": 8}, "end": {"line": 200, "column": null}}]}, "17": {"loc": {"start": {"line": 204, "column": 27}, "end": {"line": 204, "column": null}}, "type": "cond-expr", "locations": [{"start": {"line": 204, "column": 58}, "end": {"line": 204, "column": 70}}, {"start": {"line": 204, "column": 70}, "end": {"line": 204, "column": null}}]}, "18": {"loc": {"start": {"line": 230, "column": 17}, "end": {"line": 230, "column": null}}, "type": "binary-expr", "locations": [{"start": {"line": 230, "column": 17}, "end": {"line": 230, "column": 35}}, {"start": {"line": 230, "column": 35}, "end": {"line": 230, "column": null}}]}, "19": {"loc": {"start": {"line": 237, "column": 47}, "end": {"line": 237, "column": 101}}, "type": "cond-expr", "locations": [{"start": {"line": 237, "column": 72}, "end": {"line": 237, "column": 88}}, {"start": {"line": 237, "column": 88}, "end": {"line": 237, "column": 101}}]}, "20": {"loc": {"start": {"line": 246, "column": 31}, "end": {"line": 246, "column": 85}}, "type": "cond-expr", "locations": [{"start": {"line": 246, "column": 56}, "end": {"line": 246, "column": 72}}, {"start": {"line": 246, "column": 72}, "end": {"line": 246, "column": 85}}]}, "21": {"loc": {"start": {"line": 250, "column": 4}, "end": {"line": 252, "column": null}}, "type": "if", "locations": [{"start": {"line": 250, "column": 4}, "end": {"line": 252, "column": null}}, {"start": {}, "end": {}}]}, "22": {"loc": {"start": {"line": 250, "column": 8}, "end": {"line": 250, "column": 80}}, "type": "binary-expr", "locations": [{"start": {"line": 250, "column": 8}, "end": {"line": 250, "column": 38}}, {"start": {"line": 250, "column": 38}, "end": {"line": 250, "column": 57}}, {"start": {"line": 250, "column": 57}, "end": {"line": 250, "column": 80}}]}, "23": {"loc": {"start": {"line": 258, "column": 4}, "end": {"line": 265, "column": null}}, "type": "if", "locations": [{"start": {"line": 258, "column": 4}, "end": {"line": 265, "column": null}}, {"start": {}, "end": {}}]}, "24": {"loc": {"start": {"line": 273, "column": 4}, "end": {"line": 281, "column": null}}, "type": "if", "locations": [{"start": {"line": 273, "column": 4}, "end": {"line": 281, "column": null}}, {"start": {}, "end": {}}]}, "25": {"loc": {"start": {"line": 273, "column": 8}, "end": {"line": 273, "column": 51}}, "type": "binary-expr", "locations": [{"start": {"line": 273, "column": 8}, "end": {"line": 273, "column": 31}}, {"start": {"line": 273, "column": 31}, "end": {"line": 273, "column": 51}}]}, "26": {"loc": {"start": {"line": 285, "column": 4}, "end": {"line": 287, "column": null}}, "type": "if", "locations": [{"start": {"line": 285, "column": 4}, "end": {"line": 287, "column": null}}, {"start": {}, "end": {}}]}}, "s": {"0": 2, "1": 2, "2": 8, "3": 21, "4": 14, "5": 2, "6": 12, "7": 12, "8": 5, "9": 7, "10": 48, "11": 5, "12": 43, "13": 42, "14": 1, "15": 47, "16": 47, "17": 47, "18": 26, "19": 25, "20": 1, "21": 47, "22": 47, "23": 32, "24": 15, "25": 14, "26": 14, "27": 7, "28": 7, "29": 1, "30": 47, "31": 34, "32": 13, "33": 13, "34": 5, "35": 8, "36": 56, "37": 19, "38": 56, "39": 56, "40": 56, "41": 6, "42": 50, "43": 50, "44": 1, "45": 49, "46": 1, "47": 48, "48": 48, "49": 48, "50": 48, "51": 1, "52": 47, "53": 47, "54": 47, "55": 47, "56": 47, "57": 3, "58": 3, "59": 47, "60": 47, "61": 47, "62": 7, "63": 47, "64": 47, "65": 47}, "f": {"0": 8, "1": 21, "2": 14, "3": 48, "4": 47, "5": 47, "6": 47, "7": 56, "8": 19}, "b": {"0": [21, 18], "1": [2, 12], "2": [14, 13, 13], "3": [5, 7], "4": [12, 9], "5": [5, 43], "6": [42, 1], "7": [43, 41], "8": [26, 21], "9": [25, 1], "10": [26, 17], "11": [32, 15], "12": [14, 1], "13": [7, 7], "14": [34, 13], "15": [5, 8], "16": [13, 10, 9, 6], "17": [1, 4], "18": [56, 19], "19": [6, 0], "20": [1, 0], "21": [1, 48], "22": [49, 49, 49], "23": [1, 47], "24": [3, 44], "25": [47, 7], "26": [7, 40]}}, "/home/sikongjueluo/Projects/pi-extensions/packages/pi-permission-ai-judge/src/conversation.ts": {"path": "/home/sikongjueluo/Projects/pi-extensions/packages/pi-permission-ai-judge/src/conversation.ts", "statementMap": {"0": {"start": {"line": 22, "column": 31}, "end": {"line": 22, "column": null}}, "1": {"start": {"line": 23, "column": 31}, "end": {"line": 23, "column": null}}, "2": {"start": {"line": 60, "column": 4}, "end": {"line": 66, "column": null}}, "3": {"start": {"line": 62, "column": 12}, "end": {"line": 65, "column": null}}, "4": {"start": {"line": 70, "column": 4}, "end": {"line": 70, "column": null}}, "5": {"start": {"line": 75, "column": 4}, "end": {"line": 77, "column": null}}, "6": {"start": {"line": 76, "column": 8}, "end": {"line": 76, "column": null}}, "7": {"start": {"line": 78, "column": 20}, "end": {"line": 78, "column": null}}, "8": {"start": {"line": 79, "column": 4}, "end": {"line": 81, "column": null}}, "9": {"start": {"line": 80, "column": 8}, "end": {"line": 80, "column": null}}, "10": {"start": {"line": 82, "column": 4}, "end": {"line": 84, "column": null}}, "11": {"start": {"line": 83, "column": 8}, "end": {"line": 83, "column": null}}, "12": {"start": {"line": 85, "column": 18}, "end": {"line": 90, "column": null}}, "13": {"start": {"line": 88, "column": 16}, "end": {"line": 88, "column": null}}, "14": {"start": {"line": 90, "column": 23}, "end": {"line": 90, "column": 32}}, "15": {"start": {"line": 91, "column": 4}, "end": {"line": 91, "column": null}}, "16": {"start": {"line": 101, "column": 32}, "end": {"line": 101, "column": null}}, "17": {"start": {"line": 102, "column": 24}, "end": {"line": 102, "column": null}}, "18": {"start": {"line": 104, "column": 4}, "end": {"line": 124, "column": null}}, "19": {"start": {"line": 105, "column": 16}, "end": {"line": 105, "column": null}}, "20": {"start": {"line": 109, "column": 22}, "end": {"line": 109, "column": null}}, "21": {"start": {"line": 110, "column": 8}, "end": {"line": 112, "column": null}}, "22": {"start": {"line": 111, "column": 12}, "end": {"line": 111, "column": null}}, "23": {"start": {"line": 113, "column": 8}, "end": {"line": 116, "column": null}}, "24": {"start": {"line": 114, "column": 12}, "end": {"line": 114, "column": null}}, "25": {"start": {"line": 115, "column": 12}, "end": {"line": 115, "column": null}}, "26": {"start": {"line": 117, "column": 8}, "end": {"line": 119, "column": null}}, "27": {"start": {"line": 118, "column": 12}, "end": {"line": 118, "column": null}}, "28": {"start": {"line": 120, "column": 21}, "end": {"line": 120, "column": null}}, "29": {"start": {"line": 121, "column": 8}, "end": {"line": 123, "column": null}}, "30": {"start": {"line": 122, "column": 12}, "end": {"line": 122, "column": null}}, "31": {"start": {"line": 125, "column": 4}, "end": {"line": 125, "column": null}}, "32": {"start": {"line": 134, "column": 19}, "end": {"line": 134, "column": null}}, "33": {"start": {"line": 135, "column": 4}, "end": {"line": 140, "column": null}}, "34": {"start": {"line": 135, "column": 17}, "end": {"line": 135, "column": 20}}, "35": {"start": {"line": 136, "column": 8}, "end": {"line": 136, "column": null}}, "36": {"start": {"line": 137, "column": 8}, "end": {"line": 139, "column": null}}, "37": {"start": {"line": 138, "column": 12}, "end": {"line": 138, "column": null}}, "38": {"start": {"line": 141, "column": 4}, "end": {"line": 141, "column": null}}, "39": {"start": {"line": 156, "column": 20}, "end": {"line": 156, "column": null}}, "40": {"start": {"line": 157, "column": 48}, "end": {"line": 157, "column": null}}, "41": {"start": {"line": 159, "column": 17}, "end": {"line": 159, "column": null}}, "42": {"start": {"line": 160, "column": 23}, "end": {"line": 160, "column": null}}, "43": {"start": {"line": 161, "column": 22}, "end": {"line": 161, "column": null}}, "44": {"start": {"line": 165, "column": 18}, "end": {"line": 165, "column": null}}, "45": {"start": {"line": 166, "column": 23}, "end": {"line": 168, "column": null}}, "46": {"start": {"line": 168, "column": 31}, "end": {"line": 168, "column": 84}}, "47": {"start": {"line": 169, "column": 21}, "end": {"line": 172, "column": null}}, "48": {"start": {"line": 170, "column": 23}, "end": {"line": 170, "column": null}}, "49": {"start": {"line": 174, "column": 4}, "end": {"line": 179, "column": null}}, "50": {"start": {"line": 183, "column": 16}, "end": {"line": 183, "column": null}}, "51": {"start": {"line": 184, "column": 4}, "end": {"line": 191, "column": null}}, "52": {"start": {"line": 185, "column": 8}, "end": {"line": 187, "column": null}}, "53": {"start": {"line": 186, "column": 12}, "end": {"line": 186, "column": null}}, "54": {"start": {"line": 188, "column": 8}, "end": {"line": 190, "column": null}}, "55": {"start": {"line": 189, "column": 12}, "end": {"line": 189, "column": null}}, "56": {"start": {"line": 192, "column": 4}, "end": {"line": 192, "column": null}}}, "fnMap": {"0": {"name": "conversationProbeFromSession", "decl": {"start": {"line": 57, "column": 16}, "end": {"line": 57, "column": null}}, "loc": {"start": {"line": 59, "column": 21}, "end": {"line": 67, "column": null}}}, "1": {"name": "(anonymous_1)", "decl": {"start": {"line": 61, "column": 26}, "end": {"line": 61, "column": null}}, "loc": {"start": {"line": 62, "column": 12}, "end": {"line": 65, "column": null}}}, "2": {"name": "isRecord", "decl": {"start": {"line": 69, "column": 9}, "end": {"line": 69, "column": 18}}, "loc": {"start": {"line": 69, "column": 68}, "end": {"line": 71, "column": null}}}, "3": {"name": "userTextFrom", "decl": {"start": {"line": 74, "column": 9}, "end": {"line": 74, "column": 22}}, "loc": {"start": {"line": 74, "column": 55}, "end": {"line": 92, "column": null}}}, "4": {"name": "(anonymous_4)", "decl": {"start": {"line": 87, "column": 12}, "end": {"line": 87, "column": 13}}, "loc": {"start": {"line": 88, "column": 16}, "end": {"line": 88, "column": null}}}, "5": {"name": "(anonymous_5)", "decl": {"start": {"line": 90, "column": 13}, "end": {"line": 90, "column": 14}}, "loc": {"start": {"line": 90, "column": 23}, "end": {"line": 90, "column": 32}}}, "6": {"name": "collectUserTexts", "decl": {"start": {"line": 98, "column": 9}, "end": {"line": 98, "column": null}}, "loc": {"start": {"line": 100, "column": 47}, "end": {"line": 126, "column": null}}}, "7": {"name": "charBudgetStart", "decl": {"start": {"line": 133, "column": 9}, "end": {"line": 133, "column": 25}}, "loc": {"start": {"line": 133, "column": 58}, "end": {"line": 142, "column": null}}}, "8": {"name": "buildConversationEvidence", "decl": {"start": {"line": 153, "column": 16}, "end": {"line": 153, "column": null}}, "loc": {"start": {"line": 155, "column": 24}, "end": {"line": 180, "column": null}}}, "9": {"name": "(anonymous_9)", "decl": {"start": {"line": 168, "column": 13}, "end": {"line": 168, "column": 14}}, "loc": {"start": {"line": 168, "column": 31}, "end": {"line": 168, "column": 84}}}, "10": {"name": "(anonymous_10)", "decl": {"start": {"line": 170, "column": 8}, "end": {"line": 170, "column": 9}}, "loc": {"start": {"line": 170, "column": 23}, "end": {"line": 170, "column": null}}}, "11": {"name": "countUserEntries", "decl": {"start": {"line": 182, "column": 9}, "end": {"line": 182, "column": 26}}, "loc": {"start": {"line": 182, "column": 63}, "end": {"line": 193, "column": null}}}}, "branchMap": {"0": {"loc": {"start": {"line": 64, "column": 16}, "end": {"line": 64, "column": null}}, "type": "binary-expr", "locations": [{"start": {"line": 64, "column": 16}, "end": {"line": 64, "column": 39}}, {"start": {"line": 64, "column": 39}, "end": {"line": 64, "column": null}}]}, "1": {"loc": {"start": {"line": 70, "column": 11}, "end": {"line": 70, "column": null}}, "type": "binary-expr", "locations": [{"start": {"line": 70, "column": 11}, "end": {"line": 70, "column": 40}}, {"start": {"line": 70, "column": 40}, "end": {"line": 70, "column": 58}}, {"start": {"line": 70, "column": 58}, "end": {"line": 70, "column": null}}]}, "2": {"loc": {"start": {"line": 75, "column": 4}, "end": {"line": 77, "column": null}}, "type": "if", "locations": [{"start": {"line": 75, "column": 4}, "end": {"line": 77, "column": null}}, {"start": {}, "end": {}}]}, "3": {"loc": {"start": {"line": 75, "column": 8}, "end": {"line": 75, "column": 55}}, "type": "binary-expr", "locations": [{"start": {"line": 75, "column": 8}, "end": {"line": 75, "column": 30}}, {"start": {"line": 75, "column": 30}, "end": {"line": 75, "column": 55}}]}, "4": {"loc": {"start": {"line": 79, "column": 4}, "end": {"line": 81, "column": null}}, "type": "if", "locations": [{"start": {"line": 79, "column": 4}, "end": {"line": 81, "column": null}}, {"start": {}, "end": {}}]}, "5": {"loc": {"start": {"line": 80, "column": 15}, "end": {"line": 80, "column": null}}, "type": "cond-expr", "locations": [{"start": {"line": 80, "column": 43}, "end": {"line": 80, "column": 53}}, {"start": {"line": 80, "column": 53}, "end": {"line": 80, "column": null}}]}, "6": {"loc": {"start": {"line": 82, "column": 4}, "end": {"line": 84, "column": null}}, "type": "if", "locations": [{"start": {"line": 82, "column": 4}, "end": {"line": 84, "column": null}}, {"start": {}, "end": {}}]}, "7": {"loc": {"start": {"line": 88, "column": 16}, "end": {"line": 88, "column": null}}, "type": "binary-expr", "locations": [{"start": {"line": 88, "column": 16}, "end": {"line": 88, "column": 34}}, {"start": {"line": 88, "column": 34}, "end": {"line": 88, "column": 58}}, {"start": {"line": 88, "column": 58}, "end": {"line": 88, "column": null}}]}, "8": {"loc": {"start": {"line": 91, "column": 11}, "end": {"line": 91, "column": null}}, "type": "cond-expr", "locations": [{"start": {"line": 91, "column": 30}, "end": {"line": 91, "column": 49}}, {"start": {"line": 91, "column": 49}, "end": {"line": 91, "column": null}}]}, "9": {"loc": {"start": {"line": 106, "column": 8}, "end": {"line": 106, "column": null}}, "type": "binary-expr", "locations": [{"start": {"line": 106, "column": 8}, "end": {"line": 106, "column": 18}}, {"start": {"line": 106, "column": 18}, "end": {"line": 106, "column": null}}]}, "10": {"loc": {"start": {"line": 110, "column": 8}, "end": {"line": 112, "column": null}}, "type": "if", "locations": [{"start": {"line": 110, "column": 8}, "end": {"line": 112, "column": null}}, {"start": {}, "end": {}}]}, "11": {"loc": {"start": {"line": 113, "column": 8}, "end": {"line": 116, "column": null}}, "type": "if", "locations": [{"start": {"line": 113, "column": 8}, "end": {"line": 116, "column": null}}, {"start": {}, "end": {}}]}, "12": {"loc": {"start": {"line": 117, "column": 8}, "end": {"line": 119, "column": null}}, "type": "if", "locations": [{"start": {"line": 117, "column": 8}, "end": {"line": 119, "column": null}}, {"start": {}, "end": {}}]}, "13": {"loc": {"start": {"line": 121, "column": 8}, "end": {"line": 123, "column": null}}, "type": "if", "locations": [{"start": {"line": 121, "column": 8}, "end": {"line": 123, "column": null}}, {"start": {}, "end": {}}]}, "14": {"loc": {"start": {"line": 136, "column": 20}, "end": {"line": 136, "column": null}}, "type": "binary-expr", "locations": [{"start": {"line": 136, "column": 20}, "end": {"line": 136, "column": 39}}, {"start": {"line": 136, "column": 39}, "end": {"line": 136, "column": null}}]}, "15": {"loc": {"start": {"line": 137, "column": 8}, "end": {"line": 139, "column": null}}, "type": "if", "locations": [{"start": {"line": 137, "column": 8}, "end": {"line": 139, "column": null}}, {"start": {}, "end": {}}]}, "16": {"loc": {"start": {"line": 177, "column": 19}, "end": {"line": 177, "column": null}}, "type": "binary-expr", "locations": [{"start": {"line": 177, "column": 19}, "end": {"line": 177, "column": 32}}, {"start": {"line": 177, "column": 32}, "end": {"line": 177, "column": null}}]}, "17": {"loc": {"start": {"line": 185, "column": 8}, "end": {"line": 187, "column": null}}, "type": "if", "locations": [{"start": {"line": 185, "column": 8}, "end": {"line": 187, "column": null}}, {"start": {}, "end": {}}]}, "18": {"loc": {"start": {"line": 185, "column": 12}, "end": {"line": 185, "column": 58}}, "type": "binary-expr", "locations": [{"start": {"line": 185, "column": 12}, "end": {"line": 185, "column": 32}}, {"start": {"line": 185, "column": 32}, "end": {"line": 185, "column": 58}}]}, "19": {"loc": {"start": {"line": 188, "column": 8}, "end": {"line": 190, "column": null}}, "type": "if", "locations": [{"start": {"line": 188, "column": 8}, "end": {"line": 190, "column": null}}, {"start": {}, "end": {}}]}}, "s": {"0": 2, "1": 2, "2": 19, "3": 16, "4": 174, "5": 58, "6": 2, "7": 56, "8": 56, "9": 2, "10": 54, "11": 0, "12": 54, "13": 54, "14": 54, "15": 54, "16": 23, "17": 23, "18": 23, "19": 23, "20": 29, "21": 29, "22": 0, "23": 29, "24": 1, "25": 1, "26": 28, "27": 1, "28": 27, "29": 27, "30": 26, "31": 23, "32": 23, "33": 23, "34": 23, "35": 25, "36": 25, "37": 2, "38": 21, "39": 23, "40": 23, "41": 23, "42": 23, "43": 23, "44": 23, "45": 23, "46": 24, "47": 23, "48": 24, "49": 23, "50": 23, "51": 23, "52": 33, "53": 2, "54": 31, "55": 30, "56": 23}, "f": {"0": 19, "1": 16, "2": 174, "3": 58, "4": 54, "5": 54, "6": 23, "7": 23, "8": 23, "9": 24, "10": 24, "11": 23}, "b": {"0": [16, 16], "1": [174, 174, 174], "2": [2, 56], "3": [58, 58], "4": [2, 54], "5": [2, 0], "6": [0, 54], "7": [54, 54, 54], "8": [54, 0], "9": [52, 30], "10": [0, 29], "11": [1, 28], "12": [1, 27], "13": [26, 1], "14": [25, 0], "15": [2, 23], "16": [23, 22], "17": [2, 31], "18": [33, 33], "19": [30, 1]}}, "/home/sikongjueluo/Projects/pi-extensions/packages/pi-permission-ai-judge/src/evidence.ts": {"path": "/home/sikongjueluo/Projects/pi-extensions/packages/pi-permission-ai-judge/src/evidence.ts", "statementMap": {"0": {"start": {"line": 3, "column": 30}, "end": {"line": 3, "column": null}}, "1": {"start": {"line": 4, "column": 27}, "end": {"line": 4, "column": null}}, "2": {"start": {"line": 12, "column": 4}, "end": {"line": 12, "column": null}}, "3": {"start": {"line": 25, "column": 20}, "end": {"line": 25, "column": null}}, "4": {"start": {"line": 26, "column": 20}, "end": {"line": 26, "column": null}}, "5": {"start": {"line": 28, "column": 4}, "end": {"line": 42, "column": null}}, "6": {"start": {"line": 41, "column": 8}, "end": {"line": 41, "column": null}}, "7": {"start": {"line": 44, "column": 25}, "end": {"line": 46, "column": null}}, "8": {"start": {"line": 45, "column": 19}, "end": {"line": 45, "column": null}}, "9": {"start": {"line": 47, "column": 4}, "end": {"line": 49, "column": null}}, "10": {"start": {"line": 48, "column": 8}, "end": {"line": 48, "column": null}}, "11": {"start": {"line": 52, "column": 8}, "end": {"line": 52, "column": null}}, "12": {"start": {"line": 53, "column": 4}, "end": {"line": 55, "column": null}}, "13": {"start": {"line": 54, "column": 8}, "end": {"line": 54, "column": null}}, "14": {"start": {"line": 57, "column": 4}, "end": {"line": 61, "column": null}}}, "fnMap": {"0": {"name": "isNonBlank", "decl": {"start": {"line": 11, "column": 9}, "end": {"line": 11, "column": 20}}, "loc": {"start": {"line": 11, "column": 53}, "end": {"line": 13, "column": null}}}, "1": {"name": "buildBashJudgmentEvidence", "decl": {"start": {"line": 22, "column": 16}, "end": {"line": 22, "column": null}}, "loc": {"start": {"line": 24, "column": 36}, "end": {"line": 62, "column": null}}}, "2": {"name": "(anonymous_2)", "decl": {"start": {"line": 45, "column": 8}, "end": {"line": 45, "column": 9}}, "loc": {"start": {"line": 45, "column": 19}, "end": {"line": 45, "column": null}}}}, "branchMap": {"0": {"loc": {"start": {"line": 12, "column": 11}, "end": {"line": 12, "column": null}}, "type": "binary-expr", "locations": [{"start": {"line": 12, "column": 11}, "end": {"line": 12, "column": 40}}, {"start": {"line": 12, "column": 40}, "end": {"line": 12, "column": null}}]}, "1": {"loc": {"start": {"line": 28, "column": 4}, "end": {"line": 42, "column": null}}, "type": "if", "locations": [{"start": {"line": 28, "column": 4}, "end": {"line": 42, "column": null}}, {"start": {}, "end": {}}]}, "2": {"loc": {"start": {"line": 29, "column": 8}, "end": {"line": 39, "column": null}}, "type": "binary-expr", "locations": [{"start": {"line": 29, "column": 8}, "end": {"line": 29, "column": null}}, {"start": {"line": 30, "column": 8}, "end": {"line": 30, "column": null}}, {"start": {"line": 31, "column": 8}, "end": {"line": 31, "column": null}}, {"start": {"line": 32, "column": 8}, "end": {"line": 32, "column": null}}, {"start": {"line": 33, "column": 8}, "end": {"line": 33, "column": null}}, {"start": {"line": 34, "column": 8}, "end": {"line": 34, "column": null}}, {"start": {"line": 35, "column": 8}, "end": {"line": 35, "column": null}}, {"start": {"line": 36, "column": 8}, "end": {"line": 36, "column": null}}, {"start": {"line": 37, "column": 8}, "end": {"line": 37, "column": null}}, {"start": {"line": 38, "column": 8}, "end": {"line": 38, "column": null}}, {"start": {"line": 39, "column": 9}, "end": {"line": 39, "column": 42}}, {"start": {"line": 39, "column": 42}, "end": {"line": 39, "column": null}}]}, "3": {"loc": {"start": {"line": 47, "column": 4}, "end": {"line": 49, "column": null}}, "type": "if", "locations": [{"start": {"line": 47, "column": 4}, "end": {"line": 49, "column": null}}, {"start": {}, "end": {}}]}, "4": {"loc": {"start": {"line": 52, "column": 8}, "end": {"line": 52, "column": null}}, "type": "cond-expr", "locations": [{"start": {"line": 52, "column": 36}, "end": {"line": 52, "column": 52}}, {"start": {"line": 52, "column": 52}, "end": {"line": 52, "column": null}}]}, "5": {"loc": {"start": {"line": 53, "column": 4}, "end": {"line": 55, "column": null}}, "type": "if", "locations": [{"start": {"line": 53, "column": 4}, "end": {"line": 55, "column": null}}, {"start": {}, "end": {}}]}, "6": {"loc": {"start": {"line": 60, "column": 12}, "end": {"line": 60, "column": null}}, "type": "cond-expr", "locations": [{"start": {"line": 60, "column": 44}, "end": {"line": 60, "column": 56}}, {"start": {"line": 60, "column": 56}, "end": {"line": 60, "column": null}}]}}, "s": {"0": 2, "1": 2, "2": 48, "3": 28, "4": 28, "5": 28, "6": 4, "7": 24, "8": 24, "9": 24, "10": 1, "11": 23, "12": 23, "13": 1, "14": 22}, "f": {"0": 48, "1": 28, "2": 24}, "b": {"0": [48, 47], "1": [4, 24], "2": [28, 28, 28, 27, 27, 26, 26, 26, 25, 25, 25, 25], "3": [1, 23], "4": [1, 22], "5": [1, 22], "6": [1, 21]}}, "/home/sikongjueluo/Projects/pi-extensions/packages/pi-permission-ai-judge/src/highrisk.ts": {"path": "/home/sikongjueluo/Projects/pi-extensions/packages/pi-permission-ai-judge/src/highrisk.ts", "statementMap": {"0": {"start": {"line": 44, "column": 24}, "end": {"line": 44, "column": null}}, "1": {"start": {"line": 46, "column": 20}, "end": {"line": 46, "column": null}}, "2": {"start": {"line": 57, "column": 30}, "end": {"line": 57, "column": null}}, "3": {"start": {"line": 58, "column": 27}, "end": {"line": 58, "column": null}}, "4": {"start": {"line": 59, "column": 18}, "end": {"line": 59, "column": null}}, "5": {"start": {"line": 60, "column": 31}, "end": {"line": 60, "column": null}}, "6": {"start": {"line": 62, "column": 22}, "end": {"line": 67, "column": null}}, "7": {"start": {"line": 63, "column": 8}, "end": {"line": 66, "column": null}}, "8": {"start": {"line": 64, "column": 12}, "end": {"line": 64, "column": null}}, "9": {"start": {"line": 65, "column": 12}, "end": {"line": 65, "column": null}}, "10": {"start": {"line": 68, "column": 21}, "end": {"line": 74, "column": null}}, "11": {"start": {"line": 69, "column": 8}, "end": {"line": 69, "column": null}}, "12": {"start": {"line": 70, "column": 8}, "end": {"line": 73, "column": null}}, "13": {"start": {"line": 71, "column": 12}, "end": {"line": 71, "column": null}}, "14": {"start": {"line": 72, "column": 12}, "end": {"line": 72, "column": null}}, "15": {"start": {"line": 76, "column": 4}, "end": {"line": 116, "column": null}}, "16": {"start": {"line": 76, "column": 17}, "end": {"line": 76, "column": 20}}, "17": {"start": {"line": 77, "column": 19}, "end": {"line": 77, "column": null}}, "18": {"start": {"line": 78, "column": 8}, "end": {"line": 85, "column": null}}, "19": {"start": {"line": 79, "column": 12}, "end": {"line": 83, "column": null}}, "20": {"start": {"line": 80, "column": 16}, "end": {"line": 80, "column": null}}, "21": {"start": {"line": 82, "column": 16}, "end": {"line": 82, "column": null}}, "22": {"start": {"line": 84, "column": 12}, "end": {"line": 84, "column": null}}, "23": {"start": {"line": 86, "column": 8}, "end": {"line": 90, "column": null}}, "24": {"start": {"line": 87, "column": 12}, "end": {"line": 87, "column": null}}, "25": {"start": {"line": 88, "column": 12}, "end": {"line": 88, "column": null}}, "26": {"start": {"line": 89, "column": 12}, "end": {"line": 89, "column": null}}, "27": {"start": {"line": 91, "column": 8}, "end": {"line": 95, "column": null}}, "28": {"start": {"line": 92, "column": 12}, "end": {"line": 92, "column": null}}, "29": {"start": {"line": 93, "column": 12}, "end": {"line": 93, "column": null}}, "30": {"start": {"line": 94, "column": 12}, "end": {"line": 94, "column": null}}, "31": {"start": {"line": 96, "column": 8}, "end": {"line": 99, "column": null}}, "32": {"start": {"line": 97, "column": 12}, "end": {"line": 97, "column": null}}, "33": {"start": {"line": 98, "column": 12}, "end": {"line": 98, "column": null}}, "34": {"start": {"line": 100, "column": 8}, "end": {"line": 110, "column": null}}, "35": {"start": {"line": 101, "column": 23}, "end": {"line": 101, "column": null}}, "36": {"start": {"line": 102, "column": 12}, "end": {"line": 102, "column": null}}, "37": {"start": {"line": 103, "column": 21}, "end": {"line": 103, "column": null}}, "38": {"start": {"line": 104, "column": 12}, "end": {"line": 107, "column": null}}, "39": {"start": {"line": 105, "column": 16}, "end": {"line": 105, "column": null}}, "40": {"start": {"line": 106, "column": 16}, "end": {"line": 106, "column": null}}, "41": {"start": {"line": 108, "column": 12}, "end": {"line": 108, "column": null}}, "42": {"start": {"line": 109, "column": 12}, "end": {"line": 109, "column": null}}, "43": {"start": {"line": 111, "column": 8}, "end": {"line": 114, "column": null}}, "44": {"start": {"line": 112, "column": 12}, "end": {"line": 112, "column": null}}, "45": {"start": {"line": 113, "column": 12}, "end": {"line": 113, "column": null}}, "46": {"start": {"line": 115, "column": 8}, "end": {"line": 115, "column": null}}, "47": {"start": {"line": 117, "column": 4}, "end": {"line": 117, "column": null}}, "48": {"start": {"line": 118, "column": 4}, "end": {"line": 118, "column": null}}, "49": {"start": {"line": 123, "column": 20}, "end": {"line": 123, "column": null}}, "50": {"start": {"line": 124, "column": 4}, "end": {"line": 126, "column": null}}, "51": {"start": {"line": 125, "column": 8}, "end": {"line": 125, "column": null}}, "52": {"start": {"line": 127, "column": 4}, "end": {"line": 129, "column": null}}, "53": {"start": {"line": 128, "column": 8}, "end": {"line": 128, "column": null}}, "54": {"start": {"line": 130, "column": 4}, "end": {"line": 130, "column": null}}, "55": {"start": {"line": 134, "column": 4}, "end": {"line": 141, "column": null}}, "56": {"start": {"line": 135, "column": 8}, "end": {"line": 137, "column": null}}, "57": {"start": {"line": 136, "column": 12}, "end": {"line": 136, "column": null}}, "58": {"start": {"line": 138, "column": 8}, "end": {"line": 140, "column": null}}, "59": {"start": {"line": 139, "column": 12}, "end": {"line": 139, "column": null}}, "60": {"start": {"line": 142, "column": 4}, "end": {"line": 142, "column": null}}, "61": {"start": {"line": 146, "column": 23}, "end": {"line": 146, "column": null}}, "62": {"start": {"line": 147, "column": 17}, "end": {"line": 147, "column": null}}, "63": {"start": {"line": 148, "column": 4}, "end": {"line": 192, "column": null}}, "64": {"start": {"line": 152, "column": 30}, "end": {"line": 152, "column": null}}, "65": {"start": {"line": 152, "column": 49}, "end": {"line": 152, "column": 95}}, "66": {"start": {"line": 153, "column": 26}, "end": {"line": 153, "column": null}}, "67": {"start": {"line": 154, "column": 28}, "end": {"line": 154, "column": null}}, "68": {"start": {"line": 155, "column": 12}, "end": {"line": 157, "column": null}}, "69": {"start": {"line": 156, "column": 16}, "end": {"line": 156, "column": null}}, "70": {"start": {"line": 158, "column": 12}, "end": {"line": 158, "column": null}}, "71": {"start": {"line": 161, "column": 12}, "end": {"line": 163, "column": null}}, "72": {"start": {"line": 162, "column": 16}, "end": {"line": 162, "column": null}}, "73": {"start": {"line": 164, "column": 12}, "end": {"line": 164, "column": null}}, "74": {"start": {"line": 169, "column": 31}, "end": {"line": 169, "column": null}}, "75": {"start": {"line": 169, "column": 52}, "end": {"line": 169, "column": 72}}, "76": {"start": {"line": 170, "column": 29}, "end": {"line": 170, "column": null}}, "77": {"start": {"line": 171, "column": 12}, "end": {"line": 176, "column": null}}, "78": {"start": {"line": 171, "column": 77}, "end": {"line": 171, "column": 88}}, "79": {"start": {"line": 172, "column": 16}, "end": {"line": 175, "column": null}}, "80": {"start": {"line": 177, "column": 12}, "end": {"line": 177, "column": null}}, "81": {"start": {"line": 181, "column": 16}, "end": {"line": 184, "column": null}}, "82": {"start": {"line": 184, "column": 35}, "end": {"line": 184, "column": 72}}, "83": {"start": {"line": 185, "column": 12}, "end": {"line": 187, "column": null}}, "84": {"start": {"line": 186, "column": 16}, "end": {"line": 186, "column": null}}, "85": {"start": {"line": 188, "column": 12}, "end": {"line": 188, "column": null}}, "86": {"start": {"line": 191, "column": 12}, "end": {"line": 191, "column": null}}, "87": {"start": {"line": 196, "column": 22}, "end": {"line": 196, "column": null}}, "88": {"start": {"line": 196, "column": 41}, "end": {"line": 196, "column": 135}}, "89": {"start": {"line": 197, "column": 19}, "end": {"line": 197, "column": null}}, "90": {"start": {"line": 198, "column": 4}, "end": {"line": 200, "column": null}}, "91": {"start": {"line": 199, "column": 8}, "end": {"line": 199, "column": null}}, "92": {"start": {"line": 201, "column": 20}, "end": {"line": 201, "column": null}}, "93": {"start": {"line": 201, "column": 41}, "end": {"line": 201, "column": 87}}, "94": {"start": {"line": 202, "column": 22}, "end": {"line": 211, "column": null}}, "95": {"start": {"line": 204, "column": 12}, "end": {"line": 210, "column": null}}, "96": {"start": {"line": 212, "column": 4}, "end": {"line": 214, "column": null}}, "97": {"start": {"line": 218, "column": 16}, "end": {"line": 218, "column": null}}, "98": {"start": {"line": 219, "column": 4}, "end": {"line": 235, "column": null}}, "99": {"start": {"line": 224, "column": 12}, "end": {"line": 226, "column": null}}, "100": {"start": {"line": 225, "column": 16}, "end": {"line": 225, "column": null}}, "101": {"start": {"line": 227, "column": 12}, "end": {"line": 227, "column": null}}, "102": {"start": {"line": 229, "column": 12}, "end": {"line": 231, "column": null}}, "103": {"start": {"line": 230, "column": 16}, "end": {"line": 230, "column": null}}, "104": {"start": {"line": 232, "column": 12}, "end": {"line": 232, "column": null}}, "105": {"start": {"line": 234, "column": 12}, "end": {"line": 234, "column": null}}, "106": {"start": {"line": 239, "column": 4}, "end": {"line": 241, "column": null}}, "107": {"start": {"line": 240, "column": 8}, "end": {"line": 240, "column": null}}, "108": {"start": {"line": 242, "column": 4}, "end": {"line": 244, "column": null}}, "109": {"start": {"line": 243, "column": 8}, "end": {"line": 243, "column": null}}, "110": {"start": {"line": 245, "column": 4}, "end": {"line": 247, "column": null}}, "111": {"start": {"line": 246, "column": 8}, "end": {"line": 246, "column": null}}, "112": {"start": {"line": 248, "column": 4}, "end": {"line": 252, "column": null}}, "113": {"start": {"line": 249, "column": 8}, "end": {"line": 251, "column": null}}, "114": {"start": {"line": 249, "column": 31}, "end": {"line": 249, "column": 54}}, "115": {"start": {"line": 250, "column": 12}, "end": {"line": 250, "column": null}}, "116": {"start": {"line": 253, "column": 4}, "end": {"line": 253, "column": null}}, "117": {"start": {"line": 257, "column": 25}, "end": {"line": 272, "column": null}}, "118": {"start": {"line": 274, "column": 83}, "end": {"line": 289, "column": null}}, "119": {"start": {"line": 294, "column": 4}, "end": {"line": 298, "column": null}}, "120": {"start": {"line": 295, "column": 8}, "end": {"line": 297, "column": null}}, "121": {"start": {"line": 296, "column": 12}, "end": {"line": 296, "column": null}}, "122": {"start": {"line": 299, "column": 4}, "end": {"line": 299, "column": null}}, "123": {"start": {"line": 303, "column": 4}, "end": {"line": 311, "column": null}}, "124": {"start": {"line": 304, "column": 8}, "end": {"line": 306, "column": null}}, "125": {"start": {"line": 305, "column": 12}, "end": {"line": 305, "column": null}}, "126": {"start": {"line": 307, "column": 22}, "end": {"line": 307, "column": null}}, "127": {"start": {"line": 308, "column": 8}, "end": {"line": 310, "column": null}}, "128": {"start": {"line": 309, "column": 12}, "end": {"line": 309, "column": null}}, "129": {"start": {"line": 312, "column": 4}, "end": {"line": 312, "column": null}}, "130": {"start": {"line": 322, "column": 4}, "end": {"line": 337, "column": null}}, "131": {"start": {"line": 322, "column": 17}, "end": {"line": 322, "column": 20}}, "132": {"start": {"line": 323, "column": 8}, "end": {"line": 325, "column": null}}, "133": {"start": {"line": 324, "column": 12}, "end": {"line": 324, "column": null}}, "134": {"start": {"line": 326, "column": 23}, "end": {"line": 326, "column": null}}, "135": {"start": {"line": 327, "column": 8}, "end": {"line": 329, "column": null}}, "136": {"start": {"line": 328, "column": 12}, "end": {"line": 328, "column": null}}, "137": {"start": {"line": 330, "column": 22}, "end": {"line": 330, "column": null}}, "138": {"start": {"line": 331, "column": 8}, "end": {"line": 336, "column": null}}, "139": {"start": {"line": 332, "column": 12}, "end": {"line": 335, "column": null}}, "140": {"start": {"line": 338, "column": 4}, "end": {"line": 338, "column": null}}, "141": {"start": {"line": 346, "column": 4}, "end": {"line": 358, "column": null}}, "142": {"start": {"line": 347, "column": 32}, "end": {"line": 347, "column": null}}, "143": {"start": {"line": 349, "column": 12}, "end": {"line": 354, "column": null}}, "144": {"start": {"line": 355, "column": 8}, "end": {"line": 357, "column": null}}, "145": {"start": {"line": 356, "column": 12}, "end": {"line": 356, "column": null}}, "146": {"start": {"line": 359, "column": 4}, "end": {"line": 359, "column": null}}}, "fnMap": {"0": {"name": "scanCommand", "decl": {"start": {"line": 56, "column": 9}, "end": {"line": 56, "column": 21}}, "loc": {"start": {"line": 56, "column": 50}, "end": {"line": 119, "column": null}}}, "1": {"name": "(anonymous_1)", "decl": {"start": {"line": 62, "column": 22}, "end": {"line": 62, "column": 34}}, "loc": {"start": {"line": 62, "column": 34}, "end": {"line": 67, "column": null}}}, "2": {"name": "(anonymous_2)", "decl": {"start": {"line": 68, "column": 21}, "end": {"line": 68, "column": 33}}, "loc": {"start": {"line": 68, "column": 33}, "end": {"line": 74, "column": null}}}, "3": {"name": "shortFlagLetters", "decl": {"start": {"line": 122, "column": 9}, "end": {"line": 122, "column": 26}}, "loc": {"start": {"line": 122, "column": 54}, "end": {"line": 131, "column": null}}}, "4": {"name": "hasGitFlag", "decl": {"start": {"line": 133, "column": 9}, "end": {"line": 133, "column": 20}}, "loc": {"start": {"line": 133, "column": 75}, "end": {"line": 143, "column": null}}}, "5": {"name": "classifyGit", "decl": {"start": {"line": 145, "column": 9}, "end": {"line": 145, "column": 21}}, "loc": {"start": {"line": 145, "column": 64}, "end": {"line": 193, "column": null}}}, "6": {"name": "(anonymous_6)", "decl": {"start": {"line": 152, "column": 40}, "end": {"line": 152, "column": 41}}, "loc": {"start": {"line": 152, "column": 49}, "end": {"line": 152, "column": 95}}}, "7": {"name": "(anonymous_7)", "decl": {"start": {"line": 169, "column": 43}, "end": {"line": 169, "column": 44}}, "loc": {"start": {"line": 169, "column": 52}, "end": {"line": 169, "column": 72}}}, "8": {"name": "(anonymous_8)", "decl": {"start": {"line": 171, "column": 68}, "end": {"line": 171, "column": 69}}, "loc": {"start": {"line": 171, "column": 77}, "end": {"line": 171, "column": 88}}}, "9": {"name": "(anonymous_9)", "decl": {"start": {"line": 184, "column": 26}, "end": {"line": 184, "column": 27}}, "loc": {"start": {"line": 184, "column": 35}, "end": {"line": 184, "column": 72}}}, "10": {"name": "classifyRm", "decl": {"start": {"line": 195, "column": 9}, "end": {"line": 195, "column": 20}}, "loc": {"start": {"line": 195, "column": 63}, "end": {"line": 215, "column": null}}}, "11": {"name": "(anonymous_11)", "decl": {"start": {"line": 196, "column": 32}, "end": {"line": 196, "column": 33}}, "loc": {"start": {"line": 196, "column": 41}, "end": {"line": 196, "column": 135}}}, "12": {"name": "(anonymous_12)", "decl": {"start": {"line": 201, "column": 32}, "end": {"line": 201, "column": 33}}, "loc": {"start": {"line": 201, "column": 41}, "end": {"line": 201, "column": 87}}}, "13": {"name": "(anonymous_13)", "decl": {"start": {"line": 203, "column": 8}, "end": {"line": 203, "column": 9}}, "loc": {"start": {"line": 204, "column": 12}, "end": {"line": 210, "column": null}}}, "14": {"name": "classifyPublish", "decl": {"start": {"line": 217, "column": 9}, "end": {"line": 217, "column": 25}}, "loc": {"start": {"line": 217, "column": 82}, "end": {"line": 236, "column": null}}}, "15": {"name": "classifySystem", "decl": {"start": {"line": 238, "column": 9}, "end": {"line": 238, "column": 24}}, "loc": {"start": {"line": 238, "column": 81}, "end": {"line": 254, "column": null}}}, "16": {"name": "(anonymous_16)", "decl": {"start": {"line": 249, "column": 22}, "end": {"line": 249, "column": 23}}, "loc": {"start": {"line": 249, "column": 31}, "end": {"line": 249, "column": 54}}}, "17": {"name": "matchCredentialPath", "decl": {"start": {"line": 291, "column": 9}, "end": {"line": 291, "column": null}}, "loc": {"start": {"line": 293, "column": 32}, "end": {"line": 300, "column": null}}}, "18": {"name": "classifyCredential", "decl": {"start": {"line": 302, "column": 9}, "end": {"line": 302, "column": 28}}, "loc": {"start": {"line": 302, "column": 71}, "end": {"line": 313, "column": null}}}, "19": {"name": "classifyCredentialRedirect", "decl": {"start": {"line": 321, "column": 9}, "end": {"line": 321, "column": 36}}, "loc": {"start": {"line": 321, "column": 81}, "end": {"line": 339, "column": null}}}, "20": {"name": "classifyHighRisk", "decl": {"start": {"line": 345, "column": 16}, "end": {"line": 345, "column": 33}}, "loc": {"start": {"line": 345, "column": 81}, "end": {"line": 360, "column": null}}}}, "branchMap": {"0": {"loc": {"start": {"line": 63, "column": 8}, "end": {"line": 66, "column": null}}, "type": "if", "locations": [{"start": {"line": 63, "column": 8}, "end": {"line": 66, "column": null}}, {"start": {}, "end": {}}]}, "1": {"loc": {"start": {"line": 70, "column": 8}, "end": {"line": 73, "column": null}}, "type": "if", "locations": [{"start": {"line": 70, "column": 8}, "end": {"line": 73, "column": null}}, {"start": {}, "end": {}}]}, "2": {"loc": {"start": {"line": 78, "column": 8}, "end": {"line": 85, "column": null}}, "type": "if", "locations": [{"start": {"line": 78, "column": 8}, "end": {"line": 85, "column": null}}, {"start": {}, "end": {}}]}, "3": {"loc": {"start": {"line": 79, "column": 12}, "end": {"line": 83, "column": null}}, "type": "if", "locations": [{"start": {"line": 79, "column": 12}, "end": {"line": 83, "column": null}}, {"start": {"line": 81, "column": 19}, "end": {"line": 83, "column": null}}]}, "4": {"loc": {"start": {"line": 86, "column": 8}, "end": {"line": 90, "column": null}}, "type": "if", "locations": [{"start": {"line": 86, "column": 8}, "end": {"line": 90, "column": null}}, {"start": {}, "end": {}}]}, "5": {"loc": {"start": {"line": 86, "column": 12}, "end": {"line": 86, "column": 38}}, "type": "binary-expr", "locations": [{"start": {"line": 86, "column": 12}, "end": {"line": 86, "column": 26}}, {"start": {"line": 86, "column": 26}, "end": {"line": 86, "column": 38}}]}, "6": {"loc": {"start": {"line": 91, "column": 8}, "end": {"line": 95, "column": null}}, "type": "if", "locations": [{"start": {"line": 91, "column": 8}, "end": {"line": 95, "column": null}}, {"start": {}, "end": {}}]}, "7": {"loc": {"start": {"line": 92, "column": 23}, "end": {"line": 92, "column": null}}, "type": "binary-expr", "locations": [{"start": {"line": 92, "column": 23}, "end": {"line": 92, "column": 41}}, {"start": {"line": 92, "column": 41}, "end": {"line": 92, "column": null}}]}, "8": {"loc": {"start": {"line": 96, "column": 8}, "end": {"line": 99, "column": null}}, "type": "if", "locations": [{"start": {"line": 96, "column": 8}, "end": {"line": 99, "column": null}}, {"start": {}, "end": {}}]}, "9": {"loc": {"start": {"line": 100, "column": 8}, "end": {"line": 110, "column": null}}, "type": "if", "locations": [{"start": {"line": 100, "column": 8}, "end": {"line": 110, "column": null}}, {"start": {}, "end": {}}]}, "10": {"loc": {"start": {"line": 103, "column": 21}, "end": {"line": 103, "column": null}}, "type": "cond-expr", "locations": [{"start": {"line": 103, "column": 35}, "end": {"line": 103, "column": 41}}, {"start": {"line": 103, "column": 41}, "end": {"line": 103, "column": null}}]}, "11": {"loc": {"start": {"line": 104, "column": 12}, "end": {"line": 107, "column": null}}, "type": "if", "locations": [{"start": {"line": 104, "column": 12}, "end": {"line": 107, "column": null}}, {"start": {}, "end": {}}]}, "12": {"loc": {"start": {"line": 111, "column": 8}, "end": {"line": 114, "column": null}}, "type": "if", "locations": [{"start": {"line": 111, "column": 8}, "end": {"line": 114, "column": null}}, {"start": {}, "end": {}}]}, "13": {"loc": {"start": {"line": 124, "column": 4}, "end": {"line": 126, "column": null}}, "type": "if", "locations": [{"start": {"line": 124, "column": 4}, "end": {"line": 126, "column": null}}, {"start": {}, "end": {}}]}, "14": {"loc": {"start": {"line": 135, "column": 8}, "end": {"line": 137, "column": null}}, "type": "if", "locations": [{"start": {"line": 135, "column": 8}, "end": {"line": 137, "column": null}}, {"start": {}, "end": {}}]}, "15": {"loc": {"start": {"line": 138, "column": 8}, "end": {"line": 140, "column": null}}, "type": "if", "locations": [{"start": {"line": 138, "column": 8}, "end": {"line": 140, "column": null}}, {"start": {}, "end": {}}]}, "16": {"loc": {"start": {"line": 148, "column": 4}, "end": {"line": 192, "column": null}}, "type": "switch", "locations": [{"start": {"line": 149, "column": 8}, "end": {"line": 159, "column": null}}, {"start": {"line": 160, "column": 8}, "end": {"line": 164, "column": null}}, {"start": {"line": 165, "column": 8}, "end": {"line": 165, "column": null}}, {"start": {"line": 166, "column": 8}, "end": {"line": 178, "column": null}}, {"start": {"line": 179, "column": 8}, "end": {"line": 189, "column": null}}, {"start": {"line": 190, "column": 8}, "end": {"line": 191, "column": null}}]}, "17": {"loc": {"start": {"line": 152, "column": 49}, "end": {"line": 152, "column": 95}}, "type": "binary-expr", "locations": [{"start": {"line": 152, "column": 49}, "end": {"line": 152, "column": 65}}, {"start": {"line": 152, "column": 65}, "end": {"line": 152, "column": 95}}]}, "18": {"loc": {"start": {"line": 154, "column": 28}, "end": {"line": 154, "column": null}}, "type": "binary-expr", "locations": [{"start": {"line": 154, "column": 28}, "end": {"line": 154, "column": 58}}, {"start": {"line": 154, "column": 58}, "end": {"line": 154, "column": null}}]}, "19": {"loc": {"start": {"line": 155, "column": 12}, "end": {"line": 157, "column": null}}, "type": "if", "locations": [{"start": {"line": 155, "column": 12}, "end": {"line": 157, "column": null}}, {"start": {}, "end": {}}]}, "20": {"loc": {"start": {"line": 155, "column": 16}, "end": {"line": 155, "column": 48}}, "type": "binary-expr", "locations": [{"start": {"line": 155, "column": 16}, "end": {"line": 155, "column": 25}}, {"start": {"line": 155, "column": 25}, "end": {"line": 155, "column": 36}}, {"start": {"line": 155, "column": 36}, "end": {"line": 155, "column": 48}}]}, "21": {"loc": {"start": {"line": 161, "column": 12}, "end": {"line": 163, "column": null}}, "type": "if", "locations": [{"start": {"line": 161, "column": 12}, "end": {"line": 163, "column": null}}, {"start": {}, "end": {}}]}, "22": {"loc": {"start": {"line": 171, "column": 12}, "end": {"line": 176, "column": null}}, "type": "if", "locations": [{"start": {"line": 171, "column": 12}, "end": {"line": 176, "column": null}}, {"start": {}, "end": {}}]}, "23": {"loc": {"start": {"line": 171, "column": 16}, "end": {"line": 171, "column": 91}}, "type": "binary-expr", "locations": [{"start": {"line": 171, "column": 16}, "end": {"line": 171, "column": 35}}, {"start": {"line": 171, "column": 35}, "end": {"line": 171, "column": 91}}]}, "24": {"loc": {"start": {"line": 174, "column": 26}, "end": {"line": 174, "column": null}}, "type": "cond-expr", "locations": [{"start": {"line": 174, "column": 54}, "end": {"line": 174, "column": 75}}, {"start": {"line": 174, "column": 75}, "end": {"line": 174, "column": null}}]}, "25": {"loc": {"start": {"line": 181, "column": 16}, "end": {"line": 184, "column": null}}, "type": "binary-expr", "locations": [{"start": {"line": 181, "column": 16}, "end": {"line": 181, "column": null}}, {"start": {"line": 182, "column": 16}, "end": {"line": 182, "column": null}}, {"start": {"line": 183, "column": 16}, "end": {"line": 183, "column": null}}, {"start": {"line": 184, "column": 16}, "end": {"line": 184, "column": null}}]}, "26": {"loc": {"start": {"line": 184, "column": 35}, "end": {"line": 184, "column": 72}}, "type": "binary-expr", "locations": [{"start": {"line": 184, "column": 35}, "end": {"line": 184, "column": 58}}, {"start": {"line": 184, "column": 58}, "end": {"line": 184, "column": 72}}]}, "27": {"loc": {"start": {"line": 185, "column": 12}, "end": {"line": 187, "column": null}}, "type": "if", "locations": [{"start": {"line": 185, "column": 12}, "end": {"line": 187, "column": null}}, {"start": {}, "end": {}}]}, "28": {"loc": {"start": {"line": 196, "column": 41}, "end": {"line": 196, "column": 135}}, "type": "binary-expr", "locations": [{"start": {"line": 196, "column": 41}, "end": {"line": 196, "column": 82}}, {"start": {"line": 196, "column": 82}, "end": {"line": 196, "column": 98}}, {"start": {"line": 196, "column": 98}, "end": {"line": 196, "column": 114}}, {"start": {"line": 196, "column": 114}, "end": {"line": 196, "column": 135}}]}, "29": {"loc": {"start": {"line": 198, "column": 4}, "end": {"line": 200, "column": null}}, "type": "if", "locations": [{"start": {"line": 198, "column": 4}, "end": {"line": 200, "column": null}}, {"start": {}, "end": {}}]}, "30": {"loc": {"start": {"line": 198, "column": 8}, "end": {"line": 198, "column": 31}}, "type": "binary-expr", "locations": [{"start": {"line": 198, "column": 8}, "end": {"line": 198, "column": 22}}, {"start": {"line": 198, "column": 22}, "end": {"line": 198, "column": 31}}]}, "31": {"loc": {"start": {"line": 201, "column": 41}, "end": {"line": 201, "column": 87}}, "type": "binary-expr", "locations": [{"start": {"line": 201, "column": 41}, "end": {"line": 201, "column": 65}}, {"start": {"line": 201, "column": 65}, "end": {"line": 201, "column": 87}}]}, "32": {"loc": {"start": {"line": 204, "column": 12}, "end": {"line": 210, "column": null}}, "type": "binary-expr", "locations": [{"start": {"line": 204, "column": 12}, "end": {"line": 204, "column": null}}, {"start": {"line": 205, "column": 12}, "end": {"line": 205, "column": null}}, {"start": {"line": 206, "column": 12}, "end": {"line": 206, "column": null}}, {"start": {"line": 207, "column": 12}, "end": {"line": 207, "column": null}}, {"start": {"line": 208, "column": 12}, "end": {"line": 208, "column": null}}, {"start": {"line": 209, "column": 12}, "end": {"line": 209, "column": null}}, {"start": {"line": 210, "column": 12}, "end": {"line": 210, "column": null}}]}, "33": {"loc": {"start": {"line": 212, "column": 11}, "end": {"line": 214, "column": null}}, "type": "cond-expr", "locations": [{"start": {"line": 213, "column": 10}, "end": {"line": 213, "column": null}}, {"start": {"line": 214, "column": 10}, "end": {"line": 214, "column": null}}]}, "34": {"loc": {"start": {"line": 219, "column": 4}, "end": {"line": 235, "column": null}}, "type": "switch", "locations": [{"start": {"line": 220, "column": 8}, "end": {"line": 220, "column": null}}, {"start": {"line": 221, "column": 8}, "end": {"line": 221, "column": null}}, {"start": {"line": 222, "column": 8}, "end": {"line": 222, "column": null}}, {"start": {"line": 223, "column": 8}, "end": {"line": 227, "column": null}}, {"start": {"line": 228, "column": 8}, "end": {"line": 232, "column": null}}, {"start": {"line": 233, "column": 8}, "end": {"line": 234, "column": null}}]}, "35": {"loc": {"start": {"line": 224, "column": 12}, "end": {"line": 226, "column": null}}, "type": "if", "locations": [{"start": {"line": 224, "column": 12}, "end": {"line": 226, "column": null}}, {"start": {}, "end": {}}]}, "36": {"loc": {"start": {"line": 229, "column": 12}, "end": {"line": 231, "column": null}}, "type": "if", "locations": [{"start": {"line": 229, "column": 12}, "end": {"line": 231, "column": null}}, {"start": {}, "end": {}}]}, "37": {"loc": {"start": {"line": 239, "column": 4}, "end": {"line": 241, "column": null}}, "type": "if", "locations": [{"start": {"line": 239, "column": 4}, "end": {"line": 241, "column": null}}, {"start": {}, "end": {}}]}, "38": {"loc": {"start": {"line": 242, "column": 4}, "end": {"line": 244, "column": null}}, "type": "if", "locations": [{"start": {"line": 242, "column": 4}, "end": {"line": 244, "column": null}}, {"start": {}, "end": {}}]}, "39": {"loc": {"start": {"line": 245, "column": 4}, "end": {"line": 247, "column": null}}, "type": "if", "locations": [{"start": {"line": 245, "column": 4}, "end": {"line": 247, "column": null}}, {"start": {}, "end": {}}]}, "40": {"loc": {"start": {"line": 245, "column": 8}, "end": {"line": 245, "column": 92}}, "type": "binary-expr", "locations": [{"start": {"line": 245, "column": 8}, "end": {"line": 245, "column": 31}}, {"start": {"line": 245, "column": 31}, "end": {"line": 245, "column": 52}}, {"start": {"line": 245, "column": 52}, "end": {"line": 245, "column": 71}}, {"start": {"line": 245, "column": 71}, "end": {"line": 245, "column": 92}}]}, "41": {"loc": {"start": {"line": 248, "column": 4}, "end": {"line": 252, "column": null}}, "type": "if", "loc
[...]
": 11}, "end": {"line": 36, "column": 40}}, {"start": {"line": 36, "column": 40}, "end": {"line": 36, "column": null}}]}, "2": {"loc": {"start": {"line": 46, "column": 4}, "end": {"line": 60, "column": null}}, "type": "if", "locations": [{"start": {"line": 46, "column": 4}, "end": {"line": 60, "column": null}}, {"start": {}, "end": {}}]}, "3": {"loc": {"start": {"line": 47, "column": 8}, "end": {"line": 57, "column": null}}, "type": "binary-expr", "locations": [{"start": {"line": 47, "column": 8}, "end": {"line": 47, "column": null}}, {"start": {"line": 48, "column": 8}, "end": {"line": 48, "column": null}}, {"start": {"line": 49, "column": 8}, "end": {"line": 49, "column": null}}, {"start": {"line": 50, "column": 8}, "end": {"line": 50, "column": null}}, {"start": {"line": 51, "column": 8}, "end": {"line": 51, "column": null}}, {"start": {"line": 52, "column": 8}, "end": {"line": 52, "column": null}}, {"start": {"line": 53, "column": 8}, "end": {"line": 53, "column": null}}, {"start": {"line": 54, "column": 8}, "end": {"line": 54, "column": null}}, {"start": {"line": 55, "column": 8}, "end": {"line": 55, "column": null}}, {"start": {"line": 56, "column": 8}, "end": {"line": 56, "column": null}}, {"start": {"line": 57, "column": 9}, "end": {"line": 57, "column": 42}}, {"start": {"line": 57, "column": 42}, "end": {"line": 57, "column": null}}]}, "4": {"loc": {"start": {"line": 65, "column": 4}, "end": {"line": 67, "column": null}}, "type": "if", "locations": [{"start": {"line": 65, "column": 4}, "end": {"line": 67, "column": null}}, {"start": {}, "end": {}}]}, "5": {"loc": {"start": {"line": 70, "column": 8}, "end": {"line": 70, "column": null}}, "type": "cond-expr", "locations": [{"start": {"line": 70, "column": 36}, "end": {"line": 70, "column": 52}}, {"start": {"line": 70, "column": 52}, "end": {"line": 70, "column": null}}]}, "6": {"loc": {"start": {"line": 71, "column": 4}, "end": {"line": 73, "column": null}}, "type": "if", "locations": [{"start": {"line": 71, "column": 4}, "end": {"line": 73, "column": null}}, {"start": {}, "end": {}}]}, "7": {"loc": {"start": {"line": 123, "column": 8}, "end": {"line": 125, "column": null}}, "type": "if", "locations": [{"start": {"line": 123, "column": 8}, "end": {"line": 125, "column": null}}, {"start": {}, "end": {}}]}, "8": {"loc": {"start": {"line": 130, "column": 8}, "end": {"line": 136, "column": null}}, "type": "if", "locations": [{"start": {"line": 130, "column": 8}, "end": {"line": 136, "column": null}}, {"start": {}, "end": {}}]}, "9": {"loc": {"start": {"line": 142, "column": 8}, "end": {"line": 144, "column": null}}, "type": "if", "locations": [{"start": {"line": 142, "column": 8}, "end": {"line": 144, "column": null}}, {"start": {}, "end": {}}]}, "10": {"loc": {"start": {"line": 158, "column": 12}, "end": {"line": 160, "column": null}}, "type": "if", "locations": [{"start": {"line": 158, "column": 12}, "end": {"line": 160, "column": null}}, {"start": {}, "end": {}}]}, "11": {"loc": {"start": {"line": 167, "column": 8}, "end": {"line": 169, "column": null}}, "type": "if", "locations": [{"start": {"line": 167, "column": 8}, "end": {"line": 169, "column": null}}, {"start": {}, "end": {}}]}}, "s": {"0": 3, "1": 3, "2": 0, "3": 2, "4": 2, "5": 45, "6": 32, "7": 32, "8": 32, "9": 9, "10": 22, "11": 7, "12": 22, "13": 1, "14": 21, "15": 21, "16": 2, "17": 19, "18": 37, "19": 37, "20": 37, "21": 37, "22": 3, "23": 34, "24": 33, "25": 1, "26": 1, "27": 32, "28": 31, "29": 12, "30": 19, "31": 19, "32": 28, "33": 28, "34": 27, "35": 15, "36": 3, "37": 3, "38": 3, "39": 1, "40": 3, "41": 3, "42": 3}, "f": {"0": 3, "1": 45, "2": 32, "3": 7, "4": 37}, "b": {"0": [3, 0], "1": [45, 44], "2": [9, 22], "3": [32, 31, 29, 29, 29, 28, 27, 27, 25, 24, 23, 23], "4": [1, 21], "5": [16, 5], "6": [2, 19], "7": [3, 34], "8": [1, 32], "9": [12, 19], "10": [15, 12], "11": [1, 2]}}, "/home/sikongjueluo/Projects/pi-extensions/packages/pi-permission-inner-cmd/src/index.ts": {"path": "/home/sikongjueluo/Projects/pi-extensions/packages/pi-permission-inner-cmd/src/index.ts", "statementMap": {"0": {"start": {"line": 8, "column": 18}, "end": {"line": 8, "column": null}}, "1": {"start": {"line": 31, "column": 8}, "end": {"line": 33, "column": null}}, "2": {"start": {"line": 32, "column": 12}, "end": {"line": 32, "column": null}}, "3": {"start": {"line": 35, "column": 24}, "end": {"line": 35, "column": null}}, "4": {"start": {"line": 36, "column": 8}, "end": {"line": 38, "column": null}}, "5": {"start": {"line": 37, "column": 12}, "end": {"line": 37, "column": null}}, "6": {"start": {"line": 40, "column": 39}, "end": {"line": 40, "column": null}}, "7": {"start": {"line": 41, "column": 8}, "end": {"line": 51, "column": null}}, "8": {"start": {"line": 44, "column": 16}, "end": {"line": 50, "column": null}}, "9": {"start": {"line": 54, "column": 4}, "end": {"line": 72, "column": null}}, "10": {"start": {"line": 58, "column": 8}, "end": {"line": 60, "column": null}}, "11": {"start": {"line": 59, "column": 12}, "end": {"line": 59, "column": null}}, "12": {"start": {"line": 65, "column": 26}, "end": {"line": 65, "column": null}}, "13": {"start": {"line": 66, "column": 8}, "end": {"line": 68, "column": null}}, "14": {"start": {"line": 67, "column": 12}, "end": {"line": 67, "column": null}}, "15": {"start": {"line": 70, "column": 8}, "end": {"line": 70, "column": null}}, "16": {"start": {"line": 71, "column": 8}, "end": {"line": 71, "column": null}}, "17": {"start": {"line": 74, "column": 4}, "end": {"line": 76, "column": null}}, "18": {"start": {"line": 75, "column": 8}, "end": {"line": 75, "column": null}}, "19": {"start": {"line": 78, "column": 4}, "end": {"line": 82, "column": null}}, "20": {"start": {"line": 79, "column": 8}, "end": {"line": 79, "column": null}}, "21": {"start": {"line": 80, "column": 8}, "end": {"line": 80, "column": null}}, "22": {"start": {"line": 81, "column": 8}, "end": {"line": 81, "column": null}}}, "fnMap": {"0": {"name": "permissionInnerCmd", "decl": {"start": {"line": 16, "column": 24}, "end": {"line": 16, "column": 43}}, "loc": {"start": {"line": 16, "column": 67}, "end": {"line": 83, "column": null}}}, "1": {"name": "tryRegister", "decl": {"start": {"line": 30, "column": 13}, "end": {"line": 30, "column": 33}}, "loc": {"start": {"line": 30, "column": 33}, "end": {"line": 52, "column": null}}}, "2": {"name": "(anonymous_2)", "decl": {"start": {"line": 43, "column": 12}, "end": {"line": 43, "column": 19}}, "loc": {"start": {"line": 44, "column": 16}, "end": {"line": 50, "column": null}}}, "3": {"name": "(anonymous_3)", "decl": {"start": {"line": 54, "column": 27}, "end": {"line": 54, "column": 28}}, "loc": {"start": {"line": 54, "column": 44}, "end": {"line": 72, "column": 5}}}, "4": {"name": "(anonymous_4)", "decl": {"start": {"line": 74, "column": 44}, "end": {"line": 74, "column": 50}}, "loc": {"start": {"line": 74, "column": 50}, "end": {"line": 76, "column": 5}}}, "5": {"name": "(anonymous_5)", "decl": {"start": {"line": 78, "column": 30}, "end": {"line": 78, "column": 36}}, "loc": {"start": {"line": 78, "column": 36}, "end": {"line": 82, "column": 5}}}}, "branchMap": {"0": {"loc": {"start": {"line": 31, "column": 8}, "end": {"line": 33, "column": null}}, "type": "if", "locations": [{"start": {"line": 31, "column": 8}, "end": {"line": 33, "column": null}}, {"start": {}, "end": {}}]}, "1": {"loc": {"start": {"line": 31, "column": 12}, "end": {"line": 31, "column": 47}}, "type": "binary-expr", "locations": [{"start": {"line": 31, "column": 12}, "end": {"line": 31, "column": 33}}, {"start": {"line": 31, "column": 33}, "end": {"line": 31, "column": 47}}]}, "2": {"loc": {"start": {"line": 36, "column": 8}, "end": {"line": 38, "column": null}}, "type": "if", "locations": [{"start": {"line": 36, "column": 8}, "end": {"line": 38, "column": null}}, {"start": {}, "end": {}}]}, "3": {"loc": {"start": {"line": 58, "column": 8}, "end": {"line": 60, "column": null}}, "type": "if", "locations": [{"start": {"line": 58, "column": 8}, "end": {"line": 60, "column": null}}, {"start": {}, "end": {}}]}, "4": {"loc": {"start": {"line": 66, "column": 8}, "end": {"line": 68, "column": null}}, "type": "if", "locations": [{"start": {"line": 66, "column": 8}, "end": {"line": 68, "column": null}}, {"start": {}, "end": {}}]}}, "s": {"0": 1, "1": 16, "2": 5, "3": 11, "4": 11, "5": 5, "6": 6, "7": 6, "8": 1, "9": 9, "10": 9, "11": 1, "12": 8, "13": 8, "14": 1, "15": 7, "16": 7, "17": 9, "18": 9, "19": 9, "20": 1, "21": 1, "22": 1}, "f": {"0": 9, "1": 16, "2": 1, "3": 9, "4": 9, "5": 1}, "b": {"0": [5, 11], "1": [16, 14], "2": [5, 6], "3": [1, 8], "4": [1, 7]}}, "/home/sikongjueluo/Projects/pi-extensions/packages/pi-permission-inner-cmd/src/recognizer.ts": {"path": "/home/sikongjueluo/Projects/pi-extensions/packages/pi-permission-inner-cmd/src/recognizer.ts", "statementMap": {"0": {"start": {"line": 22, "column": 4}, "end": {"line": 22, "column": null}}, "1": {"start": {"line": 25, "column": 30}, "end": {"line": 25, "column": null}}, "2": {"start": {"line": 42, "column": 18}, "end": {"line": 42, "column": null}}, "3": {"start": {"line": 43, "column": 4}, "end": {"line": 45, "column": null}}, "4": {"start": {"line": 44, "column": 8}, "end": {"line": 44, "column": null}}, "5": {"start": {"line": 46, "column": 4}, "end": {"line": 49, "column": null}}, "6": {"start": {"line": 57, "column": 4}, "end": {"line": 57, "column": null}}, "7": {"start": {"line": 77, "column": 18}, "end": {"line": 77, "column": null}}, "8": {"start": {"line": 78, "column": 4}, "end": {"line": 80, "column": null}}, "9": {"start": {"line": 79, "column": 8}, "end": {"line": 79, "column": null}}, "10": {"start": {"line": 81, "column": 4}, "end": {"line": 83, "column": null}}, "11": {"start": {"line": 82, "column": 8}, "end": {"line": 82, "column": null}}, "12": {"start": {"line": 84, "column": 4}, "end": {"line": 84, "column": null}}}, "fnMap": {"0": {"name": "parseTimeoutWrapper", "decl": {"start": {"line": 39, "column": 16}, "end": {"line": 39, "column": null}}, "loc": {"start": {"line": 41, "column": 35}, "end": {"line": 50, "column": null}}}, "1": {"name": "isRecognizedWrapper", "decl": {"start": {"line": 56, "column": 16}, "end": {"line": 56, "column": 36}}, "loc": {"start": {"line": 56, "column": 62}, "end": {"line": 58, "column": null}}}, "2": {"name": "classifyWrapper", "decl": {"start": {"line": 76, "column": 16}, "end": {"line": 76, "column": 32}}, "loc": {"start": {"line": 76, "column": 72}, "end": {"line": 85, "column": null}}}}, "branchMap": {"0": {"loc": {"start": {"line": 43, "column": 4}, "end": {"line": 45, "column": null}}, "type": "if", "locations": [{"start": {"line": 43, "column": 4}, "end": {"line": 45, "column": null}}, {"start": {}, "end": {}}]}, "1": {"loc": {"start": {"line": 78, "column": 4}, "end": {"line": 80, "column": null}}, "type": "if", "locations": [{"start": {"line": 78, "column": 4}, "end": {"line": 80, "column": null}}, {"start": {}, "end": {}}]}, "2": {"loc": {"start": {"line": 81, "column": 4}, "end": {"line": 83, "column": null}}, "type": "if", "locations": [{"start": {"line": 81, "column": 4}, "end": {"line": 83, "column": null}}, {"start": {}, "end": {}}]}}, "s": {"0": 3, "1": 3, "2": 68, "3": 68, "4": 40, "5": 28, "6": 17, "7": 7, "8": 7, "9": 1, "10": 6, "11": 3, "12": 3}, "f": {"0": 68, "1": 17, "2": 7}, "b": {"0": [40, 28], "1": [1, 6], "2": [3, 3]}}, "/home/sikongjueluo/Projects/pi-extensions/packages/pi-permission-inner-cmd/src/handlers/env.ts": {"path": "/home/sikongjueluo/Projects/pi-extensions/packages/pi-permission-inner-cmd/src/handlers/env.ts", "statementMap": {"0": {"start": {"line": 4, "column": 19}, "end": {"line": 4, "column": null}}, "1": {"start": {"line": 16, "column": 42}, "end": {"line": 25, "column": null}}, "2": {"start": {"line": 19, "column": 8}, "end": {"line": 21, "column": null}}, "3": {"start": {"line": 20, "column": 12}, "end": {"line": 20, "column": null}}, "4": {"start": {"line": 22, "column": 8}, "end": {"line": 22, "column": null}}, "5": {"start": {"line": 23, "column": 8}, "end": {"line": 23, "column": null}}}, "fnMap": {"0": {"name": "(anonymous_0)", "decl": {"start": {"line": 18, "column": 4}, "end": {"line": 18, "column": 11}}, "loc": {"start": {"line": 18, "column": 29}, "end": {"line": 24, "column": null}}}}, "branchMap": {"0": {"loc": {"start": {"line": 19, "column": 8}, "end": {"line": 21, "column": null}}, "type": "if", "locations": [{"start": {"line": 19, "column": 8}, "end": {"line": 21, "column": null}}, {"start": {}, "end": {}}]}}, "s": {"0": 2, "1": 2, "2": 5, "3": 4, "4": 1, "5": 1}, "f": {"0": 5}, "b": {"0": [4, 1]}}, "/home/sikongjueluo/Projects/pi-extensions/packages/pi-permission-inner-cmd/src/handlers/index.ts": {"path": "/home/sikongjueluo/Projects/pi-extensions/packages/pi-permission-inner-cmd/src/handlers/index.ts", "statementMap": {"0": {"start": {"line": 11, "column": 51}, "end": {"line": 15, "column": null}}}, "fnMap": {}, "branchMap": {}, "s": {"0": 2}, "f": {}, "b": {}}, "/home/sikongjueluo/Projects/pi-extensions/packages/pi-permission-inner-cmd/src/handlers/timeout.ts": {"path": "/home/sikongjueluo/Projects/pi-extensions/packages/pi-permission-inner-cmd/src/handlers/timeout.ts", "statementMap": {"0": {"start": {"line": 9, "column": 21}, "end": {"line": 9, "column": null}}, "1": {"start": {"line": 22, "column": 18}, "end": {"line": 22, "column": null}}, "2": {"start": {"line": 23, "column": 4}, "end": {"line": 25, "column": null}}, "3": {"start": {"line": 24, "column": 8}, "end": {"line": 24, "column": null}}, "4": {"start": {"line": 26, "column": 4}, "end": {"line": 28, "column": null}}, "5": {"start": {"line": 27, "column": 8}, "end": {"line": 27, "column": null}}, "6": {"start": {"line": 29, "column": 4}, "end": {"line": 32, "column": null}}, "7": {"start": {"line": 50, "column": 46}, "end": {"line": 135, "column": null}}, "8": {"start": {"line": 60, "column": 12}, "end": {"line": 60, "column": null}}, "9": {"start": {"line": 62, "column": 26}, "end": {"line": 62, "column": null}}, "10": {"start": {"line": 63, "column": 8}, "end": {"line": 73, "column": null}}, "11": {"start": {"line": 66, "column": 12}, "end": {"line": 71, "column": null}}, "12": {"start": {"line": 67, "column": 16}, "end": {"line": 69, "column": null}}, "13": {"start": {"line": 70, "column": 16}, "end": {"line": 70, "column": null}}, "14": {"start": {"line": 72, "column": 12}, "end": {"line": 72, "column": null}}, "15": {"start": {"line": 75, "column": 29}, "end": {"line": 75, "column": null}}, "16": {"start": {"line": 76, "column": 8}, "end": {"line": 76, "column": null}}, "17": {"start": {"line": 79, "column": 8}, "end": {"line": 85, "column": null}}, "18": {"start": {"line": 80, "column": 12}, "end": {"line": 83, "column": null}}, "19": {"start": {"line": 84, "column": 12}, "end": {"line": 84, "column": null}}, "20": {"start": {"line": 89, "column": 30}, "end": {"line": 93, "column": null}}, "21": {"start": {"line": 94, "column": 8}, "end": {"line": 99, "column": null}}, "22": {"start": {"line": 95, "column": 12}, "end": {"line": 97, "column": null}}, "23": {"start": {"line": 98, "column": 12}, "end": {"line": 98, "column": null}}, "24": {"start": {"line": 104, "column": 23}, "end": {"line": 108, "column": null}}, "25": {"start": {"line": 109, "column": 8}, "end": {"line": 133, "column": null}}, "26": {"start": {"line": 113, "column": 16}, "end": {"line": 117, "column": null}}, "27": {"start": {"line": 118, "column": 16}, "end": {"line": 118, "column": null}}, "28": {"start": {"line": 120, "column": 16}, "end": {"line": 124, "column": null}}, "29": {"start": {"line": 125, "column": 16}, "end": {"line": 125, "column": null}}, "30": {"start": {"line": 128, "column": 16}, "end": {"line": 131, "column": null}}, "31": {"start": {"line": 132, "column": 16}, "end": {"line": 132, "column": null}}}, "fnMap": {"0": {"name": "stripWrapperUnit", "decl": {"start": {"line": 17, "column": 9}, "end": {"line": 17, "column": null}}, "loc": {"start": {"line": 21, "column": 22}, "end": {"line": 34, "column": null}}}, "1": {"name": "(anonymous_1)", "decl": {"start": {"line": 52, "column": 4}, "end": {"line": 52, "column": 11}}, "loc": {"start": {"line": 52, "column": 16}, "end": {"line": 134, "column": null}}}}, "branchMap": {"0": {"loc": {"start": {"line": 23, "column": 4}, "end": {"line": 25, "column": null}}, "type": "if", "locations": [{"start": {"line": 23, "column": 4}, "end": {"line": 25, "column": null}}, {"start": {}, "end": {}}]}, "1": {"loc": {"start": {"line": 26, "column": 4}, "end": {"line": 28, "column": null}}, "type": "if", "locations": [{"start": {"line": 26, "column": 4}, "end": {"line": 28, "column": null}}, {"start": {}, "end": {}}]}, "2": {"loc": {"start": {"line": 63, "column": 8}, "end": {"line": 73, "column": null}}, "type": "if", "locations": [{"start": {"line": 63, "column": 8}, "end": {"line": 73, "column": null}}, {"start": {}, "end": {}}]}, "3": {"loc": {"start": {"line": 66, "column": 12}, "end": {"line": 71, "column": null}}, "type": "if", "locations": [{"start": {"line": 66, "column": 12}, "end": {"line": 71, "column": null}}, {"start": {}, "end": {}}]}, "4": {"loc": {"start": {"line": 79, "column": 8}, "end": {"line": 85, "column": null}}, "type": "if", "locations": [{"start": {"line": 79, "column": 8}, "end": {"line": 85, "column": null}}, {"start": {}, "end": {}}]}, "5": {"loc": {"start": {"line": 94, "column": 8}, "end": {"line": 99, "column": null}}, "type": "if", "locations": [{"start": {"line": 94, "column": 8}, "end": {"line": 99, "column": null}}, {"start": {}, "end": {}}]}, "6": {"loc": {"start": {"line": 107, "column": 12}, "end": {"line": 107, "column": null}}, "type": "binary-expr", "locations": [{"start": {"line": 107, "column": 12}, "end": {"line": 107, "column": 33}}, {"start": {"line": 107, "column": 33}, "end": {"line": 107, "column": null}}]}, "7": {"loc": {"start": {"line": 109, "column": 8}, "end": {"line": 133, "column": null}}, "type": "switch", "locations": [{"start": {"line": 110, "column": 12}, "end": {"line": 118, "column": null}}, {"start": {"line": 119, "column": 12}, "end": {"line": 125, "column": null}}, {"start": {"line": 126, "column": 12}, "end": {"line": 126, "column": null}}, {"start": {"line": 127, "column": 12}, "end": {"line": 132, "column": null}}]}}, "s": {"0": 2, "1": 12, "2": 12, "3": 1, "4": 11, "5": 0, "6": 11, "7": 2, "8": 19, "9": 19, "10": 19, "11": 6, "12": 1, "13": 1, "14": 5, "15": 13, "16": 13, "17": 13, "18": 1, "19": 1, "20": 12, "21": 12, "22": 1, "23": 1, "24": 11, "25": 10, "26": 5, "27": 5, "28": 1, "29": 1, "30": 4, "31": 4}, "f": {"0": 12, "1": 19}, "b": {"0": [1, 11], "1": [0, 11], "2": [6, 13], "3": [1, 5], "4": [1, 12], "5": [1, 11], "6": [11, 10], "7": [5, 1, 4, 4]}}, "/home/sikongjueluo/Projects/pi-extensions/packages/pi-permission-inner-cmd/src/handlers/xargs.ts": {"path": "/home/sikongjueluo/Projects/pi-extensions/packages/pi-permission-inner-cmd/src/handlers/xargs.ts", "statementMap": {"0": {"start": {"line": 4, "column": 21}, "end": {"line": 4, "column": null}}, "1": {"start": {"line": 18, "column": 44}, "end": {"line": 27, "column": null}}, "2": {"start": {"line": 21, "column": 8}, "end": {"line": 23, "column": null}}, "3": {"start": {"line": 22, "column": 12}, "end": {"line": 22, "column": null}}, "4": {"start": {"line": 24, "column": 8}, "end": {"line": 24, "column": null}}, "5": {"start": {"line": 25, "column": 8}, "end": {"line": 25, "column": null}}}, "fnMap": {"0": {"name": "(anonymous_0)", "decl": {"start": {"line": 20, "column": 4}, "end": {"line": 20, "column": 11}}, "loc": {"start": {"line": 20, "column": 29}, "end": {"line": 26, "column": null}}}}, "branchMap": {"0": {"loc": {"start": {"line": 21, "column": 8}, "end": {"line": 23, "column": null}}, "type": "if", "locations": [{"start": {"line": 21, "column": 8}, "end": {"line": 23, "column": null}}, {"start": {}, "end": {}}]}}, "s": {"0": 2, "1": 2, "2": 4, "3": 3, "4": 1, "5": 1}, "f": {"0": 4}, "b": {"0": [3, 1]}}}